0 info it worked if it ends with ok
1 verbose cli [ 'node', '/usr/local/bin/npm', 'install' ]
2 info using npm@1.4.28
3 info using node@v0.10.32
4 warn package.json PageLines@1.0.0 No description
5 warn package.json PageLines@1.0.0 No repository field.
6 warn package.json PageLines@1.0.0 No README data
7 verbose readDependencies using package.json deps
8 verbose install where, deps [ '/Users/arpowers/Code/pagelines-framework-child',
8 verbose install   [ 'grunt',
8 verbose install     'grunt-build-control',
8 verbose install     'grunt-concurrent',
8 verbose install     'grunt-contrib-clean',
8 verbose install     'grunt-contrib-compress',
8 verbose install     'grunt-contrib-concat',
8 verbose install     'grunt-contrib-copy',
8 verbose install     'grunt-contrib-cssmin',
8 verbose install     'grunt-contrib-jshint',
8 verbose install     'grunt-contrib-less',
8 verbose install     'grunt-contrib-uglify',
8 verbose install     'grunt-contrib-watch',
8 verbose install     'grunt-git',
8 verbose install     'grunt-github-releaser',
8 verbose install     'grunt-http',
8 verbose install     'grunt-newer',
8 verbose install     'grunt-notify',
8 verbose install     'grunt-shell',
8 verbose install     'grunt-sync',
8 verbose install     'load-grunt-tasks',
8 verbose install     'time-grunt',
8 verbose install     'grunt-sftp-deploy' ] ]
9 info preinstall PageLines@1.0.0
10 verbose readDependencies using package.json deps
11 verbose cache add [ 'grunt@~0.4.5', null ]
12 verbose cache add name=undefined spec="grunt@~0.4.5" args=["grunt@~0.4.5",null]
13 verbose parsed url { protocol: null,
13 verbose parsed url   slashes: null,
13 verbose parsed url   auth: null,
13 verbose parsed url   host: null,
13 verbose parsed url   port: null,
13 verbose parsed url   hostname: null,
13 verbose parsed url   hash: null,
13 verbose parsed url   search: null,
13 verbose parsed url   query: null,
13 verbose parsed url   pathname: 'grunt@~0.4.5',
13 verbose parsed url   path: 'grunt@~0.4.5',
13 verbose parsed url   href: 'grunt@~0.4.5' }
14 verbose cache add [ 'grunt-build-control@^0.4.0', null ]
15 verbose cache add name=undefined spec="grunt-build-control@^0.4.0" args=["grunt-build-control@^0.4.0",null]
16 verbose parsed url { protocol: null,
16 verbose parsed url   slashes: null,
16 verbose parsed url   auth: null,
16 verbose parsed url   host: null,
16 verbose parsed url   port: null,
16 verbose parsed url   hostname: null,
16 verbose parsed url   hash: null,
16 verbose parsed url   search: null,
16 verbose parsed url   query: null,
16 verbose parsed url   pathname: 'grunt-build-control@^0.4.0',
16 verbose parsed url   path: 'grunt-build-control@^0.4.0',
16 verbose parsed url   href: 'grunt-build-control@^0.4.0' }
17 verbose cache add [ 'grunt-concurrent@~1.0.0', null ]
18 verbose cache add name=undefined spec="grunt-concurrent@~1.0.0" args=["grunt-concurrent@~1.0.0",null]
19 verbose parsed url { protocol: null,
19 verbose parsed url   slashes: null,
19 verbose parsed url   auth: null,
19 verbose parsed url   host: null,
19 verbose parsed url   port: null,
19 verbose parsed url   hostname: null,
19 verbose parsed url   hash: null,
19 verbose parsed url   search: null,
19 verbose parsed url   query: null,
19 verbose parsed url   pathname: 'grunt-concurrent@~1.0.0',
19 verbose parsed url   path: 'grunt-concurrent@~1.0.0',
19 verbose parsed url   href: 'grunt-concurrent@~1.0.0' }
20 verbose cache add [ 'grunt-contrib-clean@~0.6.0', null ]
21 verbose cache add name=undefined spec="grunt-contrib-clean@~0.6.0" args=["grunt-contrib-clean@~0.6.0",null]
22 verbose parsed url { protocol: null,
22 verbose parsed url   slashes: null,
22 verbose parsed url   auth: null,
22 verbose parsed url   host: null,
22 verbose parsed url   port: null,
22 verbose parsed url   hostname: null,
22 verbose parsed url   hash: null,
22 verbose parsed url   search: null,
22 verbose parsed url   query: null,
22 verbose parsed url   pathname: 'grunt-contrib-clean@~0.6.0',
22 verbose parsed url   path: 'grunt-contrib-clean@~0.6.0',
22 verbose parsed url   href: 'grunt-contrib-clean@~0.6.0' }
23 verbose cache add name="grunt" spec="~0.4.5" args=["grunt","~0.4.5"]
24 verbose parsed url { protocol: null,
24 verbose parsed url   slashes: null,
24 verbose parsed url   auth: null,
24 verbose parsed url   host: null,
24 verbose parsed url   port: null,
24 verbose parsed url   hostname: null,
24 verbose parsed url   hash: null,
24 verbose parsed url   search: null,
24 verbose parsed url   query: null,
24 verbose parsed url   pathname: '~0.4.5',
24 verbose parsed url   path: '~0.4.5',
24 verbose parsed url   href: '~0.4.5' }
25 verbose addNamed [ 'grunt', '~0.4.5' ]
26 verbose addNamed [ null, '>=0.4.5-0 <0.5.0-0' ]
27 verbose cache add name="grunt-build-control" spec="^0.4.0" args=["grunt-build-control","^0.4.0"]
28 verbose parsed url { protocol: null,
28 verbose parsed url   slashes: null,
28 verbose parsed url   auth: null,
28 verbose parsed url   host: null,
28 verbose parsed url   port: null,
28 verbose parsed url   hostname: null,
28 verbose parsed url   hash: null,
28 verbose parsed url   search: null,
28 verbose parsed url   query: null,
28 verbose parsed url   pathname: '^0.4.0',
28 verbose parsed url   path: '^0.4.0',
28 verbose parsed url   href: '^0.4.0' }
29 verbose addNamed [ 'grunt-build-control', '^0.4.0' ]
30 verbose addNamed [ null, '>=0.4.0-0 <0.5.0-0' ]
31 verbose cache add name="grunt-concurrent" spec="~1.0.0" args=["grunt-concurrent","~1.0.0"]
32 verbose parsed url { protocol: null,
32 verbose parsed url   slashes: null,
32 verbose parsed url   auth: null,
32 verbose parsed url   host: null,
32 verbose parsed url   port: null,
32 verbose parsed url   hostname: null,
32 verbose parsed url   hash: null,
32 verbose parsed url   search: null,
32 verbose parsed url   query: null,
32 verbose parsed url   pathname: '~1.0.0',
32 verbose parsed url   path: '~1.0.0',
32 verbose parsed url   href: '~1.0.0' }
33 verbose addNamed [ 'grunt-concurrent', '~1.0.0' ]
34 verbose addNamed [ null, '>=1.0.0-0 <1.1.0-0' ]
35 verbose cache add [ 'grunt-contrib-compress@~0.12.0', null ]
36 verbose cache add name=undefined spec="grunt-contrib-compress@~0.12.0" args=["grunt-contrib-compress@~0.12.0",null]
37 verbose parsed url { protocol: null,
37 verbose parsed url   slashes: null,
37 verbose parsed url   auth: null,
37 verbose parsed url   host: null,
37 verbose parsed url   port: null,
37 verbose parsed url   hostname: null,
37 verbose parsed url   hash: null,
37 verbose parsed url   search: null,
37 verbose parsed url   query: null,
37 verbose parsed url   pathname: 'grunt-contrib-compress@~0.12.0',
37 verbose parsed url   path: 'grunt-contrib-compress@~0.12.0',
37 verbose parsed url   href: 'grunt-contrib-compress@~0.12.0' }
38 verbose cache add name="grunt-contrib-clean" spec="~0.6.0" args=["grunt-contrib-clean","~0.6.0"]
39 verbose parsed url { protocol: null,
39 verbose parsed url   slashes: null,
39 verbose parsed url   auth: null,
39 verbose parsed url   host: null,
39 verbose parsed url   port: null,
39 verbose parsed url   hostname: null,
39 verbose parsed url   hash: null,
39 verbose parsed url   search: null,
39 verbose parsed url   query: null,
39 verbose parsed url   pathname: '~0.6.0',
39 verbose parsed url   path: '~0.6.0',
39 verbose parsed url   href: '~0.6.0' }
40 verbose addNamed [ 'grunt-contrib-clean', '~0.6.0' ]
41 verbose addNamed [ null, '>=0.6.0-0 <0.7.0-0' ]
42 silly lockFile 240974bb-grunt-0-4-5 grunt@~0.4.5
43 verbose lock grunt@~0.4.5 /Users/arpowers/.npm/240974bb-grunt-0-4-5.lock
44 silly lockFile 067ec8b8-grunt-build-control-0-4-0 grunt-build-control@^0.4.0
45 verbose lock grunt-build-control@^0.4.0 /Users/arpowers/.npm/067ec8b8-grunt-build-control-0-4-0.lock
46 silly lockFile 3bbc7fba-grunt-concurrent-1-0-0 grunt-concurrent@~1.0.0
47 verbose lock grunt-concurrent@~1.0.0 /Users/arpowers/.npm/3bbc7fba-grunt-concurrent-1-0-0.lock
48 silly lockFile 944867a7-grunt-contrib-clean-0-6-0 grunt-contrib-clean@~0.6.0
49 verbose lock grunt-contrib-clean@~0.6.0 /Users/arpowers/.npm/944867a7-grunt-contrib-clean-0-6-0.lock
50 verbose cache add [ 'grunt-contrib-concat@~0.5.0', null ]
51 verbose cache add name=undefined spec="grunt-contrib-concat@~0.5.0" args=["grunt-contrib-concat@~0.5.0",null]
52 verbose parsed url { protocol: null,
52 verbose parsed url   slashes: null,
52 verbose parsed url   auth: null,
52 verbose parsed url   host: null,
52 verbose parsed url   port: null,
52 verbose parsed url   hostname: null,
52 verbose parsed url   hash: null,
52 verbose parsed url   search: null,
52 verbose parsed url   query: null,
52 verbose parsed url   pathname: 'grunt-contrib-concat@~0.5.0',
52 verbose parsed url   path: 'grunt-contrib-concat@~0.5.0',
52 verbose parsed url   href: 'grunt-contrib-concat@~0.5.0' }
53 verbose cache add name="grunt-contrib-compress" spec="~0.12.0" args=["grunt-contrib-compress","~0.12.0"]
54 verbose parsed url { protocol: null,
54 verbose parsed url   slashes: null,
54 verbose parsed url   auth: null,
54 verbose parsed url   host: null,
54 verbose parsed url   port: null,
54 verbose parsed url   hostname: null,
54 verbose parsed url   hash: null,
54 verbose parsed url   search: null,
54 verbose parsed url   query: null,
54 verbose parsed url   pathname: '~0.12.0',
54 verbose parsed url   path: '~0.12.0',
54 verbose parsed url   href: '~0.12.0' }
55 verbose addNamed [ 'grunt-contrib-compress', '~0.12.0' ]
56 verbose addNamed [ null, '>=0.12.0-0 <0.13.0-0' ]
57 silly lockFile 3ef7c873-grunt-contrib-compress-0-12-0 grunt-contrib-compress@~0.12.0
58 verbose lock grunt-contrib-compress@~0.12.0 /Users/arpowers/.npm/3ef7c873-grunt-contrib-compress-0-12-0.lock
59 verbose cache add [ 'grunt-contrib-copy@^0.8.0', null ]
60 verbose cache add name=undefined spec="grunt-contrib-copy@^0.8.0" args=["grunt-contrib-copy@^0.8.0",null]
61 verbose parsed url { protocol: null,
61 verbose parsed url   slashes: null,
61 verbose parsed url   auth: null,
61 verbose parsed url   host: null,
61 verbose parsed url   port: null,
61 verbose parsed url   hostname: null,
61 verbose parsed url   hash: null,
61 verbose parsed url   search: null,
61 verbose parsed url   query: null,
61 verbose parsed url   pathname: 'grunt-contrib-copy@^0.8.0',
61 verbose parsed url   path: 'grunt-contrib-copy@^0.8.0',
61 verbose parsed url   href: 'grunt-contrib-copy@^0.8.0' }
62 verbose cache add name="grunt-contrib-concat" spec="~0.5.0" args=["grunt-contrib-concat","~0.5.0"]
63 verbose parsed url { protocol: null,
63 verbose parsed url   slashes: null,
63 verbose parsed url   auth: null,
63 verbose parsed url   host: null,
63 verbose parsed url   port: null,
63 verbose parsed url   hostname: null,
63 verbose parsed url   hash: null,
63 verbose parsed url   search: null,
63 verbose parsed url   query: null,
63 verbose parsed url   pathname: '~0.5.0',
63 verbose parsed url   path: '~0.5.0',
63 verbose parsed url   href: '~0.5.0' }
64 verbose addNamed [ 'grunt-contrib-concat', '~0.5.0' ]
65 verbose addNamed [ null, '>=0.5.0-0 <0.6.0-0' ]
66 silly lockFile ab641ed0-grunt-contrib-concat-0-5-0 grunt-contrib-concat@~0.5.0
67 verbose lock grunt-contrib-concat@~0.5.0 /Users/arpowers/.npm/ab641ed0-grunt-contrib-concat-0-5-0.lock
68 silly addNameRange { name: 'grunt', range: '>=0.4.5-0 <0.5.0-0', hasData: false }
69 silly addNameRange { name: 'grunt-build-control',
69 silly addNameRange   range: '>=0.4.0-0 <0.5.0-0',
69 silly addNameRange   hasData: false }
70 verbose cache add [ 'grunt-contrib-cssmin@^0.12.2', null ]
71 verbose cache add name=undefined spec="grunt-contrib-cssmin@^0.12.2" args=["grunt-contrib-cssmin@^0.12.2",null]
72 verbose parsed url { protocol: null,
72 verbose parsed url   slashes: null,
72 verbose parsed url   auth: null,
72 verbose parsed url   host: null,
72 verbose parsed url   port: null,
72 verbose parsed url   hostname: null,
72 verbose parsed url   hash: null,
72 verbose parsed url   search: null,
72 verbose parsed url   query: null,
72 verbose parsed url   pathname: 'grunt-contrib-cssmin@^0.12.2',
72 verbose parsed url   path: 'grunt-contrib-cssmin@^0.12.2',
72 verbose parsed url   href: 'grunt-contrib-cssmin@^0.12.2' }
73 verbose cache add [ 'grunt-contrib-jshint@~0.10.0', null ]
74 verbose cache add name=undefined spec="grunt-contrib-jshint@~0.10.0" args=["grunt-contrib-jshint@~0.10.0",null]
75 verbose parsed url { protocol: null,
75 verbose parsed url   slashes: null,
75 verbose parsed url   auth: null,
75 verbose parsed url   host: null,
75 verbose parsed url   port: null,
75 verbose parsed url   hostname: null,
75 verbose parsed url   hash: null,
75 verbose parsed url   search: null,
75 verbose parsed url   query: null,
75 verbose parsed url   pathname: 'grunt-contrib-jshint@~0.10.0',
75 verbose parsed url   path: 'grunt-contrib-jshint@~0.10.0',
75 verbose parsed url   href: 'grunt-contrib-jshint@~0.10.0' }
76 verbose cache add [ 'grunt-contrib-less@~0.11.4', null ]
77 verbose cache add name=undefined spec="grunt-contrib-less@~0.11.4" args=["grunt-contrib-less@~0.11.4",null]
78 verbose parsed url { protocol: null,
78 verbose parsed url   slashes: null,
78 verbose parsed url   auth: null,
78 verbose parsed url   host: null,
78 verbose parsed url   port: null,
78 verbose parsed url   hostname: null,
78 verbose parsed url   hash: null,
78 verbose parsed url   search: null,
78 verbose parsed url   query: null,
78 verbose parsed url   pathname: 'grunt-contrib-less@~0.11.4',
78 verbose parsed url   path: 'grunt-contrib-less@~0.11.4',
78 verbose parsed url   href: 'grunt-contrib-less@~0.11.4' }
79 verbose cache add name="grunt-contrib-copy" spec="^0.8.0" args=["grunt-contrib-copy","^0.8.0"]
80 verbose parsed url { protocol: null,
80 verbose parsed url   slashes: null,
80 verbose parsed url   auth: null,
80 verbose parsed url   host: null,
80 verbose parsed url   port: null,
80 verbose parsed url   hostname: null,
80 verbose parsed url   hash: null,
80 verbose parsed url   search: null,
80 verbose parsed url   query: null,
80 verbose parsed url   pathname: '^0.8.0',
80 verbose parsed url   path: '^0.8.0',
80 verbose parsed url   href: '^0.8.0' }
81 verbose addNamed [ 'grunt-contrib-copy', '^0.8.0' ]
82 verbose addNamed [ null, '>=0.8.0-0 <0.9.0-0' ]
83 silly lockFile a4361beb-grunt-contrib-copy-0-8-0 grunt-contrib-copy@^0.8.0
84 verbose lock grunt-contrib-copy@^0.8.0 /Users/arpowers/.npm/a4361beb-grunt-contrib-copy-0-8-0.lock
85 silly addNameRange { name: 'grunt-concurrent',
85 silly addNameRange   range: '>=1.0.0-0 <1.1.0-0',
85 silly addNameRange   hasData: false }
86 silly addNameRange { name: 'grunt-contrib-clean',
86 silly addNameRange   range: '>=0.6.0-0 <0.7.0-0',
86 silly addNameRange   hasData: false }
87 silly addNameRange { name: 'grunt-contrib-compress',
87 silly addNameRange   range: '>=0.12.0-0 <0.13.0-0',
87 silly addNameRange   hasData: false }
88 verbose cache add name="grunt-contrib-cssmin" spec="^0.12.2" args=["grunt-contrib-cssmin","^0.12.2"]
89 verbose parsed url { protocol: null,
89 verbose parsed url   slashes: null,
89 verbose parsed url   auth: null,
89 verbose parsed url   host: null,
89 verbose parsed url   port: null,
89 verbose parsed url   hostname: null,
89 verbose parsed url   hash: null,
89 verbose parsed url   search: null,
89 verbose parsed url   query: null,
89 verbose parsed url   pathname: '^0.12.2',
89 verbose parsed url   path: '^0.12.2',
89 verbose parsed url   href: '^0.12.2' }
90 verbose addNamed [ 'grunt-contrib-cssmin', '^0.12.2' ]
91 verbose addNamed [ null, '>=0.12.2-0 <0.13.0-0' ]
92 silly lockFile f5b6707d-grunt-contrib-cssmin-0-12-2 grunt-contrib-cssmin@^0.12.2
93 verbose lock grunt-contrib-cssmin@^0.12.2 /Users/arpowers/.npm/f5b6707d-grunt-contrib-cssmin-0-12-2.lock
94 verbose cache add name="grunt-contrib-jshint" spec="~0.10.0" args=["grunt-contrib-jshint","~0.10.0"]
95 verbose parsed url { protocol: null,
95 verbose parsed url   slashes: null,
95 verbose parsed url   auth: null,
95 verbose parsed url   host: null,
95 verbose parsed url   port: null,
95 verbose parsed url   hostname: null,
95 verbose parsed url   hash: null,
95 verbose parsed url   search: null,
95 verbose parsed url   query: null,
95 verbose parsed url   pathname: '~0.10.0',
95 verbose parsed url   path: '~0.10.0',
95 verbose parsed url   href: '~0.10.0' }
96 verbose addNamed [ 'grunt-contrib-jshint', '~0.10.0' ]
97 verbose addNamed [ null, '>=0.10.0-0 <0.11.0-0' ]
98 silly lockFile 956acfd4-grunt-contrib-jshint-0-10-0 grunt-contrib-jshint@~0.10.0
99 verbose lock grunt-contrib-jshint@~0.10.0 /Users/arpowers/.npm/956acfd4-grunt-contrib-jshint-0-10-0.lock
100 verbose cache add [ 'grunt-contrib-uglify@~0.5.0', null ]
101 verbose cache add name=undefined spec="grunt-contrib-uglify@~0.5.0" args=["grunt-contrib-uglify@~0.5.0",null]
102 verbose parsed url { protocol: null,
102 verbose parsed url   slashes: null,
102 verbose parsed url   auth: null,
102 verbose parsed url   host: null,
102 verbose parsed url   port: null,
102 verbose parsed url   hostname: null,
102 verbose parsed url   hash: null,
102 verbose parsed url   search: null,
102 verbose parsed url   query: null,
102 verbose parsed url   pathname: 'grunt-contrib-uglify@~0.5.0',
102 verbose parsed url   path: 'grunt-contrib-uglify@~0.5.0',
102 verbose parsed url   href: 'grunt-contrib-uglify@~0.5.0' }
103 verbose cache add [ 'grunt-contrib-watch@~0.6.1', null ]
104 verbose cache add name=undefined spec="grunt-contrib-watch@~0.6.1" args=["grunt-contrib-watch@~0.6.1",null]
105 verbose parsed url { protocol: null,
105 verbose parsed url   slashes: null,
105 verbose parsed url   auth: null,
105 verbose parsed url   host: null,
105 verbose parsed url   port: null,
105 verbose parsed url   hostname: null,
105 verbose parsed url   hash: null,
105 verbose parsed url   search: null,
105 verbose parsed url   query: null,
105 verbose parsed url   pathname: 'grunt-contrib-watch@~0.6.1',
105 verbose parsed url   path: 'grunt-contrib-watch@~0.6.1',
105 verbose parsed url   href: 'grunt-contrib-watch@~0.6.1' }
106 verbose cache add name="grunt-contrib-less" spec="~0.11.4" args=["grunt-contrib-less","~0.11.4"]
107 verbose parsed url { protocol: null,
107 verbose parsed url   slashes: null,
107 verbose parsed url   auth: null,
107 verbose parsed url   host: null,
107 verbose parsed url   port: null,
107 verbose parsed url   hostname: null,
107 verbose parsed url   hash: null,
107 verbose parsed url   search: null,
107 verbose parsed url   query: null,
107 verbose parsed url   pathname: '~0.11.4',
107 verbose parsed url   path: '~0.11.4',
107 verbose parsed url   href: '~0.11.4' }
108 verbose addNamed [ 'grunt-contrib-less', '~0.11.4' ]
109 verbose addNamed [ null, '>=0.11.4-0 <0.12.0-0' ]
110 silly lockFile d6b045ca-grunt-contrib-less-0-11-4 grunt-contrib-less@~0.11.4
111 verbose lock grunt-contrib-less@~0.11.4 /Users/arpowers/.npm/d6b045ca-grunt-contrib-less-0-11-4.lock
112 silly addNameRange { name: 'grunt-contrib-concat',
112 silly addNameRange   range: '>=0.5.0-0 <0.6.0-0',
112 silly addNameRange   hasData: false }
113 verbose cache add name="grunt-contrib-uglify" spec="~0.5.0" args=["grunt-contrib-uglify","~0.5.0"]
114 verbose parsed url { protocol: null,
114 verbose parsed url   slashes: null,
114 verbose parsed url   auth: null,
114 verbose parsed url   host: null,
114 verbose parsed url   port: null,
114 verbose parsed url   hostname: null,
114 verbose parsed url   hash: null,
114 verbose parsed url   search: null,
114 verbose parsed url   query: null,
114 verbose parsed url   pathname: '~0.5.0',
114 verbose parsed url   path: '~0.5.0',
114 verbose parsed url   href: '~0.5.0' }
115 verbose addNamed [ 'grunt-contrib-uglify', '~0.5.0' ]
116 verbose addNamed [ null, '>=0.5.0-0 <0.6.0-0' ]
117 silly lockFile 2d901165-grunt-contrib-uglify-0-5-0 grunt-contrib-uglify@~0.5.0
118 verbose lock grunt-contrib-uglify@~0.5.0 /Users/arpowers/.npm/2d901165-grunt-contrib-uglify-0-5-0.lock
119 verbose cache add [ 'grunt-git@^0.3.4', null ]
120 verbose cache add name=undefined spec="grunt-git@^0.3.4" args=["grunt-git@^0.3.4",null]
121 verbose parsed url { protocol: null,
121 verbose parsed url   slashes: null,
121 verbose parsed url   auth: null,
121 verbose parsed url   host: null,
121 verbose parsed url   port: null,
121 verbose parsed url   hostname: null,
121 verbose parsed url   hash: null,
121 verbose parsed url   search: null,
121 verbose parsed url   query: null,
121 verbose parsed url   pathname: 'grunt-git@^0.3.4',
121 verbose parsed url   path: 'grunt-git@^0.3.4',
121 verbose parsed url   href: 'grunt-git@^0.3.4' }
122 verbose cache add name="grunt-contrib-watch" spec="~0.6.1" args=["grunt-contrib-watch","~0.6.1"]
123 verbose parsed url { protocol: null,
123 verbose parsed url   slashes: null,
123 verbose parsed url   auth: null,
123 verbose parsed url   host: null,
123 verbose parsed url   port: null,
123 verbose parsed url   hostname: null,
123 verbose parsed url   hash: null,
123 verbose parsed url   search: null,
123 verbose parsed url   query: null,
123 verbose parsed url   pathname: '~0.6.1',
123 verbose parsed url   path: '~0.6.1',
123 verbose parsed url   href: '~0.6.1' }
124 verbose addNamed [ 'grunt-contrib-watch', '~0.6.1' ]
125 verbose addNamed [ null, '>=0.6.1-0 <0.7.0-0' ]
126 silly lockFile 82ce6ec8-grunt-contrib-watch-0-6-1 grunt-contrib-watch@~0.6.1
127 verbose lock grunt-contrib-watch@~0.6.1 /Users/arpowers/.npm/82ce6ec8-grunt-contrib-watch-0-6-1.lock
128 silly addNameRange { name: 'grunt-contrib-copy',
128 silly addNameRange   range: '>=0.8.0-0 <0.9.0-0',
128 silly addNameRange   hasData: false }
129 silly addNameRange { name: 'grunt-contrib-cssmin',
129 silly addNameRange   range: '>=0.12.2-0 <0.13.0-0',
129 silly addNameRange   hasData: false }
130 silly addNameRange { name: 'grunt-contrib-jshint',
130 silly addNameRange   range: '>=0.10.0-0 <0.11.0-0',
130 silly addNameRange   hasData: false }
131 verbose cache add [ 'grunt-github-releaser@^0.1.17', null ]
132 verbose cache add name=undefined spec="grunt-github-releaser@^0.1.17" args=["grunt-github-releaser@^0.1.17",null]
133 verbose parsed url { protocol: null,
133 verbose parsed url   slashes: null,
133 verbose parsed url   auth: null,
133 verbose parsed url   host: null,
133 verbose parsed url   port: null,
133 verbose parsed url   hostname: null,
133 verbose parsed url   hash: null,
133 verbose parsed url   search: null,
133 verbose parsed url   query: null,
133 verbose parsed url   pathname: 'grunt-github-releaser@^0.1.17',
133 verbose parsed url   path: 'grunt-github-releaser@^0.1.17',
133 verbose parsed url   href: 'grunt-github-releaser@^0.1.17' }
134 verbose cache add [ 'grunt-http@^1.6.0', null ]
135 verbose cache add name=undefined spec="grunt-http@^1.6.0" args=["grunt-http@^1.6.0",null]
136 verbose parsed url { protocol: null,
136 verbose parsed url   slashes: null,
136 verbose parsed url   auth: null,
136 verbose parsed url   host: null,
136 verbose parsed url   port: null,
136 verbose parsed url   hostname: null,
136 verbose parsed url   hash: null,
136 verbose parsed url   search: null,
136 verbose parsed url   query: null,
136 verbose parsed url   pathname: 'grunt-http@^1.6.0',
136 verbose parsed url   path: 'grunt-http@^1.6.0',
136 verbose parsed url   href: 'grunt-http@^1.6.0' }
137 verbose cache add name="grunt-git" spec="^0.3.4" args=["grunt-git","^0.3.4"]
138 verbose parsed url { protocol: null,
138 verbose parsed url   slashes: null,
138 verbose parsed url   auth: null,
138 verbose parsed url   host: null,
138 verbose parsed url   port: null,
138 verbose parsed url   hostname: null,
138 verbose parsed url   hash: null,
138 verbose parsed url   search: null,
138 verbose parsed url   query: null,
138 verbose parsed url   pathname: '^0.3.4',
138 verbose parsed url   path: '^0.3.4',
138 verbose parsed url   href: '^0.3.4' }
139 verbose addNamed [ 'grunt-git', '^0.3.4' ]
140 verbose addNamed [ null, '>=0.3.4-0 <0.4.0-0' ]
141 silly lockFile a12ccbc3-grunt-git-0-3-4 grunt-git@^0.3.4
142 verbose lock grunt-git@^0.3.4 /Users/arpowers/.npm/a12ccbc3-grunt-git-0-3-4.lock
143 silly addNameRange { name: 'grunt-contrib-less',
143 silly addNameRange   range: '>=0.11.4-0 <0.12.0-0',
143 silly addNameRange   hasData: false }
144 silly addNameRange { name: 'grunt-contrib-uglify',
144 silly addNameRange   range: '>=0.5.0-0 <0.6.0-0',
144 silly addNameRange   hasData: false }
145 verbose cache add name="grunt-github-releaser" spec="^0.1.17" args=["grunt-github-releaser","^0.1.17"]
146 verbose parsed url { protocol: null,
146 verbose parsed url   slashes: null,
146 verbose parsed url   auth: null,
146 verbose parsed url   host: null,
146 verbose parsed url   port: null,
146 verbose parsed url   hostname: null,
146 verbose parsed url   hash: null,
146 verbose parsed url   search: null,
146 verbose parsed url   query: null,
146 verbose parsed url   pathname: '^0.1.17',
146 verbose parsed url   path: '^0.1.17',
146 verbose parsed url   href: '^0.1.17' }
147 verbose addNamed [ 'grunt-github-releaser', '^0.1.17' ]
148 verbose addNamed [ null, '>=0.1.17-0 <0.2.0-0' ]
149 silly lockFile 4aa96735-grunt-github-releaser-0-1-17 grunt-github-releaser@^0.1.17
150 verbose lock grunt-github-releaser@^0.1.17 /Users/arpowers/.npm/4aa96735-grunt-github-releaser-0-1-17.lock
151 verbose cache add [ 'grunt-newer@^0.8.0', null ]
152 verbose cache add name=undefined spec="grunt-newer@^0.8.0" args=["grunt-newer@^0.8.0",null]
153 verbose parsed url { protocol: null,
153 verbose parsed url   slashes: null,
153 verbose parsed url   auth: null,
153 verbose parsed url   host: null,
153 verbose parsed url   port: null,
153 verbose parsed url   hostname: null,
153 verbose parsed url   hash: null,
153 verbose parsed url   search: null,
153 verbose parsed url   query: null,
153 verbose parsed url   pathname: 'grunt-newer@^0.8.0',
153 verbose parsed url   path: 'grunt-newer@^0.8.0',
153 verbose parsed url   href: 'grunt-newer@^0.8.0' }
154 verbose cache add [ 'grunt-notify@~0.3.1', null ]
155 verbose cache add name=undefined spec="grunt-notify@~0.3.1" args=["grunt-notify@~0.3.1",null]
156 verbose parsed url { protocol: null,
156 verbose parsed url   slashes: null,
156 verbose parsed url   auth: null,
156 verbose parsed url   host: null,
156 verbose parsed url   port: null,
156 verbose parsed url   hostname: null,
156 verbose parsed url   hash: null,
156 verbose parsed url   search: null,
156 verbose parsed url   query: null,
156 verbose parsed url   pathname: 'grunt-notify@~0.3.1',
156 verbose parsed url   path: 'grunt-notify@~0.3.1',
156 verbose parsed url   href: 'grunt-notify@~0.3.1' }
157 verbose cache add name="grunt-http" spec="^1.6.0" args=["grunt-http","^1.6.0"]
158 verbose parsed url { protocol: null,
158 verbose parsed url   slashes: null,
158 verbose parsed url   auth: null,
158 verbose parsed url   host: null,
158 verbose parsed url   port: null,
158 verbose parsed url   hostname: null,
158 verbose parsed url   hash: null,
158 verbose parsed url   search: null,
158 verbose parsed url   query: null,
158 verbose parsed url   pathname: '^1.6.0',
158 verbose parsed url   path: '^1.6.0',
158 verbose parsed url   href: '^1.6.0' }
159 verbose addNamed [ 'grunt-http', '^1.6.0' ]
160 verbose addNamed [ null, '>=1.6.0-0 <2.0.0-0' ]
161 silly lockFile 286dc0ad-grunt-http-1-6-0 grunt-http@^1.6.0
162 verbose lock grunt-http@^1.6.0 /Users/arpowers/.npm/286dc0ad-grunt-http-1-6-0.lock
163 silly addNameRange { name: 'grunt-contrib-watch',
163 silly addNameRange   range: '>=0.6.1-0 <0.7.0-0',
163 silly addNameRange   hasData: false }
164 verbose request where is /grunt-build-control
165 verbose request registry https://registry.npmjs.org/
166 verbose request id f23b9c0525b8d0d2
167 verbose url raw /grunt-build-control
168 verbose url resolving [ 'https://registry.npmjs.org/', './grunt-build-control' ]
169 verbose url resolved https://registry.npmjs.org/grunt-build-control
170 verbose request where is https://registry.npmjs.org/grunt-build-control
171 info trying registry request attempt 1 at 17:11:01
172 verbose etag "EHSQFVGM2X4D5463QN75AYSNX"
173 http GET https://registry.npmjs.org/grunt-build-control
174 verbose request where is /grunt
175 verbose request registry https://registry.npmjs.org/
176 verbose url raw /grunt
177 verbose url resolving [ 'https://registry.npmjs.org/', './grunt' ]
178 verbose url resolved https://registry.npmjs.org/grunt
179 verbose request where is https://registry.npmjs.org/grunt
180 info trying registry request attempt 1 at 17:11:01
181 verbose etag "4UFGDUWHFK7OB8NRAT96S4H33"
182 http GET https://registry.npmjs.org/grunt
183 verbose cache add name="grunt-newer" spec="^0.8.0" args=["grunt-newer","^0.8.0"]
184 verbose parsed url { protocol: null,
184 verbose parsed url   slashes: null,
184 verbose parsed url   auth: null,
184 verbose parsed url   host: null,
184 verbose parsed url   port: null,
184 verbose parsed url   hostname: null,
184 verbose parsed url   hash: null,
184 verbose parsed url   search: null,
184 verbose parsed url   query: null,
184 verbose parsed url   pathname: '^0.8.0',
184 verbose parsed url   path: '^0.8.0',
184 verbose parsed url   href: '^0.8.0' }
185 verbose addNamed [ 'grunt-newer', '^0.8.0' ]
186 verbose addNamed [ null, '>=0.8.0-0 <0.9.0-0' ]
187 silly lockFile bfd6a2d4-grunt-newer-0-8-0 grunt-newer@^0.8.0
188 verbose lock grunt-newer@^0.8.0 /Users/arpowers/.npm/bfd6a2d4-grunt-newer-0-8-0.lock
189 verbose cache add [ 'grunt-shell@^1.1.2', null ]
190 verbose cache add name=undefined spec="grunt-shell@^1.1.2" args=["grunt-shell@^1.1.2",null]
191 verbose parsed url { protocol: null,
191 verbose parsed url   slashes: null,
191 verbose parsed url   auth: null,
191 verbose parsed url   host: null,
191 verbose parsed url   port: null,
191 verbose parsed url   hostname: null,
191 verbose parsed url   hash: null,
191 verbose parsed url   search: null,
191 verbose parsed url   query: null,
191 verbose parsed url   pathname: 'grunt-shell@^1.1.2',
191 verbose parsed url   path: 'grunt-shell@^1.1.2',
191 verbose parsed url   href: 'grunt-shell@^1.1.2' }
192 verbose cache add [ 'grunt-sync@~0.2.0', null ]
193 verbose cache add name=undefined spec="grunt-sync@~0.2.0" args=["grunt-sync@~0.2.0",null]
194 verbose parsed url { protocol: null,
194 verbose parsed url   slashes: null,
194 verbose parsed url   auth: null,
194 verbose parsed url   host: null,
194 verbose parsed url   port: null,
194 verbose parsed url   hostname: null,
194 verbose parsed url   hash: null,
194 verbose parsed url   search: null,
194 verbose parsed url   query: null,
194 verbose parsed url   pathname: 'grunt-sync@~0.2.0',
194 verbose parsed url   path: 'grunt-sync@~0.2.0',
194 verbose parsed url   href: 'grunt-sync@~0.2.0' }
195 verbose cache add [ 'load-grunt-tasks@^3.1.0', null ]
196 verbose cache add name=undefined spec="load-grunt-tasks@^3.1.0" args=["load-grunt-tasks@^3.1.0",null]
197 verbose parsed url { protocol: null,
197 verbose parsed url   slashes: null,
197 verbose parsed url   auth: null,
197 verbose parsed url   host: null,
197 verbose parsed url   port: null,
197 verbose parsed url   hostname: null,
197 verbose parsed url   hash: null,
197 verbose parsed url   search: null,
197 verbose parsed url   query: null,
197 verbose parsed url   pathname: 'load-grunt-tasks@^3.1.0',
197 verbose parsed url   path: 'load-grunt-tasks@^3.1.0',
197 verbose parsed url   href: 'load-grunt-tasks@^3.1.0' }
198 verbose cache add [ 'time-grunt@~1.0.0', null ]
199 verbose cache add name=undefined spec="time-grunt@~1.0.0" args=["time-grunt@~1.0.0",null]
200 verbose parsed url { protocol: null,
200 verbose parsed url   slashes: null,
200 verbose parsed url   auth: null,
200 verbose parsed url   host: null,
200 verbose parsed url   port: null,
200 verbose parsed url   hostname: null,
200 verbose parsed url   hash: null,
200 verbose parsed url   search: null,
200 verbose parsed url   query: null,
200 verbose parsed url   pathname: 'time-grunt@~1.0.0',
200 verbose parsed url   path: 'time-grunt@~1.0.0',
200 verbose parsed url   href: 'time-grunt@~1.0.0' }
201 verbose cache add [ 'grunt-sftp-deploy@~0.2.4', null ]
202 verbose cache add name=undefined spec="grunt-sftp-deploy@~0.2.4" args=["grunt-sftp-deploy@~0.2.4",null]
203 verbose parsed url { protocol: null,
203 verbose parsed url   slashes: null,
203 verbose parsed url   auth: null,
203 verbose parsed url   host: null,
203 verbose parsed url   port: null,
203 verbose parsed url   hostname: null,
203 verbose parsed url   hash: null,
203 verbose parsed url   search: null,
203 verbose parsed url   query: null,
203 verbose parsed url   pathname: 'grunt-sftp-deploy@~0.2.4',
203 verbose parsed url   path: 'grunt-sftp-deploy@~0.2.4',
203 verbose parsed url   href: 'grunt-sftp-deploy@~0.2.4' }
204 verbose cache add name="grunt-notify" spec="~0.3.1" args=["grunt-notify","~0.3.1"]
205 verbose parsed url { protocol: null,
205 verbose parsed url   slashes: null,
205 verbose parsed url   auth: null,
205 verbose parsed url   host: null,
205 verbose parsed url   port: null,
205 verbose parsed url   hostname: null,
205 verbose parsed url   hash: null,
205 verbose parsed url   search: null,
205 verbose parsed url   query: null,
205 verbose parsed url   pathname: '~0.3.1',
205 verbose parsed url   path: '~0.3.1',
205 verbose parsed url   href: '~0.3.1' }
206 verbose addNamed [ 'grunt-notify', '~0.3.1' ]
207 verbose addNamed [ null, '>=0.3.1-0 <0.4.0-0' ]
208 silly lockFile f2610162-grunt-notify-0-3-1 grunt-notify@~0.3.1
209 verbose lock grunt-notify@~0.3.1 /Users/arpowers/.npm/f2610162-grunt-notify-0-3-1.lock
210 silly addNameRange { name: 'grunt-git',
210 silly addNameRange   range: '>=0.3.4-0 <0.4.0-0',
210 silly addNameRange   hasData: false }
211 verbose request where is /grunt-concurrent
212 verbose request registry https://registry.npmjs.org/
213 verbose url raw /grunt-concurrent
214 verbose url resolving [ 'https://registry.npmjs.org/', './grunt-concurrent' ]
215 verbose url resolved https://registry.npmjs.org/grunt-concurrent
216 verbose request where is https://registry.npmjs.org/grunt-concurrent
217 info trying registry request attempt 1 at 17:11:01
218 verbose etag "7MVHPA07INLD06TVNGQ2F14YV"
219 http GET https://registry.npmjs.org/grunt-concurrent
220 info retry will retry, error on last attempt: Error: getaddrinfo ENOTFOUND
221 verbose request where is /grunt-contrib-clean
222 verbose request registry https://registry.npmjs.org/
223 verbose url raw /grunt-contrib-clean
224 verbose url resolving [ 'https://registry.npmjs.org/', './grunt-contrib-clean' ]
225 verbose url resolved https://registry.npmjs.org/grunt-contrib-clean
226 verbose request where is https://registry.npmjs.org/grunt-contrib-clean
227 info trying registry request attempt 1 at 17:11:01
228 verbose etag "6DQ0XKKML2UN9EM79EQLQMD68"
229 http GET https://registry.npmjs.org/grunt-contrib-clean
230 verbose request where is /grunt-contrib-compress
231 verbose request registry https://registry.npmjs.org/
232 verbose url raw /grunt-contrib-compress
233 verbose url resolving [ 'https://registry.npmjs.org/', './grunt-contrib-compress' ]
234 verbose url resolved https://registry.npmjs.org/grunt-contrib-compress
235 verbose request where is https://registry.npmjs.org/grunt-contrib-compress
236 info trying registry request attempt 1 at 17:11:01
237 verbose etag "2SNYFOEQ5IT4K93W08LPNZGJI"
238 http GET https://registry.npmjs.org/grunt-contrib-compress
239 info retry will retry, error on last attempt: Error: getaddrinfo ENOTFOUND
240 silly addNameRange { name: 'grunt-github-releaser',
240 silly addNameRange   range: '>=0.1.17-0 <0.2.0-0',
240 silly addNameRange   hasData: false }
241 verbose cache add name="grunt-shell" spec="^1.1.2" args=["grunt-shell","^1.1.2"]
242 verbose parsed url { protocol: null,
242 verbose parsed url   slashes: null,
242 verbose parsed url   auth: null,
242 verbose parsed url   host: null,
242 verbose parsed url   port: null,
242 verbose parsed url   hostname: null,
242 verbose parsed url   hash: null,
242 verbose parsed url   search: null,
242 verbose parsed url   query: null,
242 verbose parsed url   pathname: '^1.1.2',
242 verbose parsed url   path: '^1.1.2',
242 verbose parsed url   href: '^1.1.2' }
243 verbose addNamed [ 'grunt-shell', '^1.1.2' ]
244 verbose addNamed [ null, '>=1.1.2-0 <2.0.0-0' ]
245 silly lockFile 42fbab46-grunt-shell-1-1-2 grunt-shell@^1.1.2
246 verbose lock grunt-shell@^1.1.2 /Users/arpowers/.npm/42fbab46-grunt-shell-1-1-2.lock
247 verbose cache add name="grunt-sync" spec="~0.2.0" args=["grunt-sync","~0.2.0"]
248 verbose parsed url { protocol: null,
248 verbose parsed url   slashes: null,
248 verbose parsed url   auth: null,
248 verbose parsed url   host: null,
248 verbose parsed url   port: null,
248 verbose parsed url   hostname: null,
248 verbose parsed url   hash: null,
248 verbose parsed url   search: null,
248 verbose parsed url   query: null,
248 verbose parsed url   pathname: '~0.2.0',
248 verbose parsed url   path: '~0.2.0',
248 verbose parsed url   href: '~0.2.0' }
249 verbose addNamed [ 'grunt-sync', '~0.2.0' ]
250 verbose addNamed [ null, '>=0.2.0-0 <0.3.0-0' ]
251 silly lockFile 86cde865-grunt-sync-0-2-0 grunt-sync@~0.2.0
252 verbose lock grunt-sync@~0.2.0 /Users/arpowers/.npm/86cde865-grunt-sync-0-2-0.lock
253 verbose cache add name="load-grunt-tasks" spec="^3.1.0" args=["load-grunt-tasks","^3.1.0"]
254 verbose parsed url { protocol: null,
254 verbose parsed url   slashes: null,
254 verbose parsed url   auth: null,
254 verbose parsed url   host: null,
254 verbose parsed url   port: null,
254 verbose parsed url   hostname: null,
254 verbose parsed url   hash: null,
254 verbose parsed url   search: null,
254 verbose parsed url   query: null,
254 verbose parsed url   pathname: '^3.1.0',
254 verbose parsed url   path: '^3.1.0',
254 verbose parsed url   href: '^3.1.0' }
255 verbose addNamed [ 'load-grunt-tasks', '^3.1.0' ]
256 verbose addNamed [ null, '>=3.1.0-0 <4.0.0-0' ]
257 silly lockFile 244ddd56-load-grunt-tasks-3-1-0 load-grunt-tasks@^3.1.0
258 verbose lock load-grunt-tasks@^3.1.0 /Users/arpowers/.npm/244ddd56-load-grunt-tasks-3-1-0.lock
259 verbose cache add name="time-grunt" spec="~1.0.0" args=["time-grunt","~1.0.0"]
260 verbose parsed url { protocol: null,
260 verbose parsed url   slashes: null,
260 verbose parsed url   auth: null,
260 verbose parsed url   host: null,
260 verbose parsed url   port: null,
260 verbose parsed url   hostname: null,
260 verbose parsed url   hash: null,
260 verbose parsed url   search: null,
260 verbose parsed url   query: null,
260 verbose parsed url   pathname: '~1.0.0',
260 verbose parsed url   path: '~1.0.0',
260 verbose parsed url   href: '~1.0.0' }
261 verbose addNamed [ 'time-grunt', '~1.0.0' ]
262 verbose addNamed [ null, '>=1.0.0-0 <1.1.0-0' ]
263 silly lockFile 8c04ea80-time-grunt-1-0-0 time-grunt@~1.0.0
264 verbose lock time-grunt@~1.0.0 /Users/arpowers/.npm/8c04ea80-time-grunt-1-0-0.lock
265 verbose cache add name="grunt-sftp-deploy" spec="~0.2.4" args=["grunt-sftp-deploy","~0.2.4"]
266 verbose parsed url { protocol: null,
266 verbose parsed url   slashes: null,
266 verbose parsed url   auth: null,
266 verbose parsed url   host: null,
266 verbose parsed url   port: null,
266 verbose parsed url   hostname: null,
266 verbose parsed url   hash: null,
266 verbose parsed url   search: null,
266 verbose parsed url   query: null,
266 verbose parsed url   pathname: '~0.2.4',
266 verbose parsed url   path: '~0.2.4',
266 verbose parsed url   href: '~0.2.4' }
267 verbose addNamed [ 'grunt-sftp-deploy', '~0.2.4' ]
268 verbose addNamed [ null, '>=0.2.4-0 <0.3.0-0' ]
269 silly lockFile 3aab9b64-grunt-sftp-deploy-0-2-4 grunt-sftp-deploy@~0.2.4
270 verbose lock grunt-sftp-deploy@~0.2.4 /Users/arpowers/.npm/3aab9b64-grunt-sftp-deploy-0-2-4.lock
271 silly addNameRange { name: 'grunt-http',
271 silly addNameRange   range: '>=1.6.0-0 <2.0.0-0',
271 silly addNameRange   hasData: false }
272 verbose request where is /grunt-git
273 verbose request registry https://registry.npmjs.org/
274 verbose url raw /grunt-git
275 verbose url resolving [ 'https://registry.npmjs.org/', './grunt-git' ]
276 verbose url resolved https://registry.npmjs.org/grunt-git
277 verbose request where is https://registry.npmjs.org/grunt-git
278 info trying registry request attempt 1 at 17:11:01
279 http GET https://registry.npmjs.org/grunt-git
280 verbose request where is /grunt-contrib-concat
281 verbose request registry https://registry.npmjs.org/
282 verbose url raw /grunt-contrib-concat
283 verbose url resolving [ 'https://registry.npmjs.org/', './grunt-contrib-concat' ]
284 verbose url resolved https://registry.npmjs.org/grunt-contrib-concat
285 verbose request where is https://registry.npmjs.org/grunt-contrib-concat
286 info trying registry request attempt 1 at 17:11:01
287 verbose etag "6FD1N5DDHH4JSBA93YV4VLZAJ"
288 http GET https://registry.npmjs.org/grunt-contrib-concat
289 info retry will retry, error on last attempt: Error: getaddrinfo ENOTFOUND
290 info retry will retry, error on last attempt: Error: getaddrinfo ENOTFOUND
291 info retry will retry, error on last attempt: Error: getaddrinfo ENOTFOUND
292 verbose request where is /grunt-github-releaser
293 verbose request registry https://registry.npmjs.org/
294 verbose url raw /grunt-github-releaser
295 verbose url resolving [ 'https://registry.npmjs.org/', './grunt-github-releaser' ]
296 verbose url resolved https://registry.npmjs.org/grunt-github-releaser
297 verbose request where is https://registry.npmjs.org/grunt-github-releaser
298 info trying registry request attempt 1 at 17:11:01
299 http GET https://registry.npmjs.org/grunt-github-releaser
300 silly addNameRange { name: 'grunt-newer',
300 silly addNameRange   range: '>=0.8.0-0 <0.9.0-0',
300 silly addNameRange   hasData: false }
301 verbose request where is /grunt-http
302 verbose request registry https://registry.npmjs.org/
303 verbose url raw /grunt-http
304 verbose url resolving [ 'https://registry.npmjs.org/', './grunt-http' ]
305 verbose url resolved https://registry.npmjs.org/grunt-http
306 verbose request where is https://registry.npmjs.org/grunt-http
307 info trying registry request attempt 1 at 17:11:01
308 http GET https://registry.npmjs.org/grunt-http
309 silly addNameRange { name: 'grunt-notify',
309 silly addNameRange   range: '>=0.3.1-0 <0.4.0-0',
309 silly addNameRange   hasData: false }
310 verbose request where is /grunt-contrib-copy
311 verbose request registry https://registry.npmjs.org/
312 verbose url raw /grunt-contrib-copy
313 verbose url resolving [ 'https://registry.npmjs.org/', './grunt-contrib-copy' ]
314 verbose url resolved https://registry.npmjs.org/grunt-contrib-copy
315 verbose request where is https://registry.npmjs.org/grunt-contrib-copy
316 info trying registry request attempt 1 at 17:11:01
317 verbose etag "EYGOHSXUEB60W2YQL95D2S1I0"
318 http GET https://registry.npmjs.org/grunt-contrib-copy
319 info retry will retry, error on last attempt: Error: getaddrinfo ENOTFOUND
320 info retry will retry, error on last attempt: Error: getaddrinfo ENOTFOUND
321 verbose request where is /grunt-contrib-cssmin
322 verbose request registry https://registry.npmjs.org/
323 verbose url raw /grunt-contrib-cssmin
324 verbose url resolving [ 'https://registry.npmjs.org/', './grunt-contrib-cssmin' ]
325 verbose url resolved https://registry.npmjs.org/grunt-contrib-cssmin
326 verbose request where is https://registry.npmjs.org/grunt-contrib-cssmin
327 info trying registry request attempt 1 at 17:11:01
328 verbose etag "2R9QRGV3OM9MGH9K0V43KVNS6"
329 http GET https://registry.npmjs.org/grunt-contrib-cssmin
330 silly addNameRange { name: 'grunt-shell',
330 silly addNameRange   range: '>=1.1.2-0 <2.0.0-0',
330 silly addNameRange   hasData: false }
331 silly addNameRange { name: 'load-grunt-tasks',
331 silly addNameRange   range: '>=3.1.0-0 <4.0.0-0',
331 silly addNameRange   hasData: false }
332 verbose request where is /grunt-contrib-jshint
333 verbose request registry https://registry.npmjs.org/
334 verbose url raw /grunt-contrib-jshint
335 verbose url resolving [ 'https://registry.npmjs.org/', './grunt-contrib-jshint' ]
336 verbose url resolved https://registry.npmjs.org/grunt-contrib-jshint
337 verbose request where is https://registry.npmjs.org/grunt-contrib-jshint
338 info trying registry request attempt 1 at 17:11:01
339 verbose etag "CL8GFJ2W2WB5Z07PZE70JTKYL"
340 http GET https://registry.npmjs.org/grunt-contrib-jshint
341 silly addNameRange { name: 'grunt-sync',
341 silly addNameRange   range: '>=0.2.0-0 <0.3.0-0',
341 silly addNameRange   hasData: false }
342 info retry will retry, error on last attempt: Error: getaddrinfo ENOTFOUND
343 silly addNameRange { name: 'time-grunt',
343 silly addNameRange   range: '>=1.0.0-0 <1.1.0-0',
343 silly addNameRange   hasData: false }
344 silly addNameRange { name: 'grunt-sftp-deploy',
344 silly addNameRange   range: '>=0.2.4-0 <0.3.0-0',
344 silly addNameRange   hasData: false }
345 info retry will retry, error on last attempt: Error: getaddrinfo ENOTFOUND
346 info retry will retry, error on last attempt: Error: getaddrinfo ENOTFOUND
347 info retry will retry, error on last attempt: Error: getaddrinfo ENOTFOUND
348 verbose request where is /grunt-contrib-less
349 verbose request registry https://registry.npmjs.org/
350 verbose url raw /grunt-contrib-less
351 verbose url resolving [ 'https://registry.npmjs.org/', './grunt-contrib-less' ]
352 verbose url resolved https://registry.npmjs.org/grunt-contrib-less
353 verbose request where is https://registry.npmjs.org/grunt-contrib-less
354 info trying registry request attempt 1 at 17:11:01
355 verbose etag "2WVFAQO9BG4I7SGMSOCP0TAGD"
356 http GET https://registry.npmjs.org/grunt-contrib-less
357 verbose request where is /grunt-contrib-uglify
358 verbose request registry https://registry.npmjs.org/
359 verbose url raw /grunt-contrib-uglify
360 verbose url resolving [ 'https://registry.npmjs.org/', './grunt-contrib-uglify' ]
361 verbose url resolved https://registry.npmjs.org/grunt-contrib-uglify
362 verbose request where is https://registry.npmjs.org/grunt-contrib-uglify
363 info trying registry request attempt 1 at 17:11:01
364 verbose etag "33LE3XG7R1MI4CRADK2FZ3HTJ"
365 http GET https://registry.npmjs.org/grunt-contrib-uglify
366 verbose request where is /grunt-shell
367 verbose request registry https://registry.npmjs.org/
368 verbose url raw /grunt-shell
369 verbose url resolving [ 'https://registry.npmjs.org/', './grunt-shell' ]
370 verbose url resolved https://registry.npmjs.org/grunt-shell
371 verbose request where is https://registry.npmjs.org/grunt-shell
372 info trying registry request attempt 1 at 17:11:01
373 http GET https://registry.npmjs.org/grunt-shell
374 info retry will retry, error on last attempt: Error: getaddrinfo ENOTFOUND
375 verbose request where is /grunt-sftp-deploy
376 verbose request registry https://registry.npmjs.org/
377 verbose url raw /grunt-sftp-deploy
378 verbose url resolving [ 'https://registry.npmjs.org/', './grunt-sftp-deploy' ]
379 verbose url resolved https://registry.npmjs.org/grunt-sftp-deploy
380 verbose request where is https://registry.npmjs.org/grunt-sftp-deploy
381 info trying registry request attempt 1 at 17:11:01
382 http GET https://registry.npmjs.org/grunt-sftp-deploy
383 verbose request where is /grunt-contrib-watch
384 verbose request registry https://registry.npmjs.org/
385 verbose url raw /grunt-contrib-watch
386 verbose url resolving [ 'https://registry.npmjs.org/', './grunt-contrib-watch' ]
387 verbose url resolved https://registry.npmjs.org/grunt-contrib-watch
388 verbose request where is https://registry.npmjs.org/grunt-contrib-watch
389 info trying registry request attempt 1 at 17:11:01
390 verbose etag "CC9B4NSVCBFXDXYWKRPIYNZDB"
391 http GET https://registry.npmjs.org/grunt-contrib-watch
392 info retry will retry, error on last attempt: Error: getaddrinfo ENOTFOUND
393 info retry will retry, error on last attempt: Error: getaddrinfo ENOTFOUND
394 info retry will retry, error on last attempt: Error: getaddrinfo ENOTFOUND
395 info retry will retry, error on last attempt: Error: getaddrinfo ENOTFOUND
396 info retry will retry, error on last attempt: Error: getaddrinfo ENOTFOUND
397 verbose request where is /load-grunt-tasks
398 verbose request registry https://registry.npmjs.org/
399 verbose url raw /load-grunt-tasks
400 verbose url resolving [ 'https://registry.npmjs.org/', './load-grunt-tasks' ]
401 verbose url resolved https://registry.npmjs.org/load-grunt-tasks
402 verbose request where is https://registry.npmjs.org/load-grunt-tasks
403 info trying registry request attempt 1 at 17:11:01
404 verbose etag "F4RHP8OO4Y31D3TCLOOWQAY8J"
405 http GET https://registry.npmjs.org/load-grunt-tasks
406 verbose request where is /grunt-newer
407 verbose request registry https://registry.npmjs.org/
408 verbose url raw /grunt-newer
409 verbose url resolving [ 'https://registry.npmjs.org/', './grunt-newer' ]
410 verbose url resolved https://registry.npmjs.org/grunt-newer
411 verbose request where is https://registry.npmjs.org/grunt-newer
412 info trying registry request attempt 1 at 17:11:01
413 verbose etag "9ZAQ43XKGC7Q8NK3V2ZADJ4DH"
414 http GET https://registry.npmjs.org/grunt-newer
415 verbose request where is /grunt-notify
416 verbose request registry https://registry.npmjs.org/
417 verbose url raw /grunt-notify
418 verbose url resolving [ 'https://registry.npmjs.org/', './grunt-notify' ]
419 verbose url resolved https://registry.npmjs.org/grunt-notify
420 verbose request where is https://registry.npmjs.org/grunt-notify
421 info trying registry request attempt 1 at 17:11:01
422 verbose etag "4O7PMJI7CXH82LMGW7L2QVME4"
423 http GET https://registry.npmjs.org/grunt-notify
424 info retry will retry, error on last attempt: Error: getaddrinfo ENOTFOUND
425 info retry will retry, error on last attempt: Error: getaddrinfo ENOTFOUND
426 verbose request where is /grunt-sync
427 verbose request registry https://registry.npmjs.org/
428 verbose url raw /grunt-sync
429 verbose url resolving [ 'https://registry.npmjs.org/', './grunt-sync' ]
430 verbose url resolved https://registry.npmjs.org/grunt-sync
431 verbose request where is https://registry.npmjs.org/grunt-sync
432 info trying registry request attempt 1 at 17:11:01
433 verbose etag "AVESRDZBIFKFNR7ZJ1KQPB53M"
434 http GET https://registry.npmjs.org/grunt-sync
435 verbose request where is /time-grunt
436 verbose request registry https://registry.npmjs.org/
437 verbose url raw /time-grunt
438 verbose url resolving [ 'https://registry.npmjs.org/', './time-grunt' ]
439 verbose url resolved https://registry.npmjs.org/time-grunt
440 verbose request where is https://registry.npmjs.org/time-grunt
441 info trying registry request attempt 1 at 17:11:01
442 verbose etag "3RWGKAMJY3EFAN8WBI1FVN9RD"
443 http GET https://registry.npmjs.org/time-grunt
444 info retry will retry, error on last attempt: Error: getaddrinfo ENOTFOUND
445 info retry will retry, error on last attempt: Error: getaddrinfo ENOTFOUND
446 info retry will retry, error on last attempt: Error: getaddrinfo ENOTFOUND
447 info trying registry request attempt 2 at 17:11:11
448 verbose etag "EHSQFVGM2X4D5463QN75AYSNX"
449 http GET https://registry.npmjs.org/grunt-build-control
450 info retry will retry, error on last attempt: Error: getaddrinfo ENOTFOUND
451 info trying registry request attempt 2 at 17:11:11
452 verbose etag "4UFGDUWHFK7OB8NRAT96S4H33"
453 http GET https://registry.npmjs.org/grunt
454 info retry will retry, error on last attempt: Error: getaddrinfo ENOTFOUND
455 info trying registry request attempt 2 at 17:11:11
456 verbose etag "7MVHPA07INLD06TVNGQ2F14YV"
457 http GET https://registry.npmjs.org/grunt-concurrent
458 info trying registry request attempt 2 at 17:11:11
459 verbose etag "6DQ0XKKML2UN9EM79EQLQMD68"
460 http GET https://registry.npmjs.org/grunt-contrib-clean
461 info trying registry request attempt 2 at 17:11:11
462 verbose etag "2SNYFOEQ5IT4K93W08LPNZGJI"
463 http GET https://registry.npmjs.org/grunt-contrib-compress
464 info retry will retry, error on last attempt: Error: getaddrinfo ENOTFOUND
465 info trying registry request attempt 2 at 17:11:11
466 http GET https://registry.npmjs.org/grunt-git
467 info trying registry request attempt 2 at 17:11:11
468 verbose etag "6FD1N5DDHH4JSBA93YV4VLZAJ"
469 http GET https://registry.npmjs.org/grunt-contrib-concat
470 info retry will retry, error on last attempt: Error: getaddrinfo ENOTFOUND
471 info retry will retry, error on last attempt: Error: getaddrinfo ENOTFOUND
472 info retry will retry, error on last attempt: Error: getaddrinfo ENOTFOUND
473 info retry will retry, error on last attempt: Error: getaddrinfo ENOTFOUND
474 info trying registry request attempt 2 at 17:11:11
475 http GET https://registry.npmjs.org/grunt-github-releaser
476 info trying registry request attempt 2 at 17:11:11
477 http GET https://registry.npmjs.org/grunt-http
478 info trying registry request attempt 2 at 17:11:11
479 verbose etag "EYGOHSXUEB60W2YQL95D2S1I0"
480 http GET https://registry.npmjs.org/grunt-contrib-copy
481 info trying registry request attempt 2 at 17:11:11
482 verbose etag "2R9QRGV3OM9MGH9K0V43KVNS6"
483 http GET https://registry.npmjs.org/grunt-contrib-cssmin
484 info retry will retry, error on last attempt: Error: getaddrinfo ENOTFOUND
485 info retry will retry, error on last attempt: Error: getaddrinfo ENOTFOUND
486 info retry will retry, error on last attempt: Error: getaddrinfo ENOTFOUND
487 info retry will retry, error on last attempt: Error: getaddrinfo ENOTFOUND
488 info trying registry request attempt 2 at 17:11:11
489 verbose etag "CL8GFJ2W2WB5Z07PZE70JTKYL"
490 http GET https://registry.npmjs.org/grunt-contrib-jshint
491 info retry will retry, error on last attempt: Error: getaddrinfo ENOTFOUND
492 info trying registry request attempt 2 at 17:11:11
493 verbose etag "2WVFAQO9BG4I7SGMSOCP0TAGD"
494 http GET https://registry.npmjs.org/grunt-contrib-less
495 info trying registry request attempt 2 at 17:11:11
496 verbose etag "33LE3XG7R1MI4CRADK2FZ3HTJ"
497 http GET https://registry.npmjs.org/grunt-contrib-uglify
498 info trying registry request attempt 2 at 17:11:11
499 http GET https://registry.npmjs.org/grunt-shell
500 info retry will retry, error on last attempt: Error: getaddrinfo ENOTFOUND
501 info trying registry request attempt 2 at 17:11:11
502 http GET https://registry.npmjs.org/grunt-sftp-deploy
503 info trying registry request attempt 2 at 17:11:11
504 verbose etag "CC9B4NSVCBFXDXYWKRPIYNZDB"
505 http GET https://registry.npmjs.org/grunt-contrib-watch
506 info retry will retry, error on last attempt: Error: getaddrinfo ENOTFOUND
507 info retry will retry, error on last attempt: Error: getaddrinfo ENOTFOUND
508 info trying registry request attempt 2 at 17:11:11
509 verbose etag "F4RHP8OO4Y31D3TCLOOWQAY8J"
510 http GET https://registry.npmjs.org/load-grunt-tasks
511 info trying registry request attempt 2 at 17:11:11
512 verbose etag "9ZAQ43XKGC7Q8NK3V2ZADJ4DH"
513 http GET https://registry.npmjs.org/grunt-newer
514 info trying registry request attempt 2 at 17:11:11
515 verbose etag "4O7PMJI7CXH82LMGW7L2QVME4"
516 http GET https://registry.npmjs.org/grunt-notify
517 info trying registry request attempt 2 at 17:11:11
518 verbose etag "AVESRDZBIFKFNR7ZJ1KQPB53M"
519 http GET https://registry.npmjs.org/grunt-sync
520 info trying registry request attempt 2 at 17:11:11
521 verbose etag "3RWGKAMJY3EFAN8WBI1FVN9RD"
522 http GET https://registry.npmjs.org/time-grunt
523 info retry will retry, error on last attempt: Error: getaddrinfo ENOTFOUND
524 info retry will retry, error on last attempt: Error: getaddrinfo ENOTFOUND
525 info retry will retry, error on last attempt: Error: getaddrinfo ENOTFOUND
526 info retry will retry, error on last attempt: Error: getaddrinfo ENOTFOUND
527 info retry will retry, error on last attempt: Error: getaddrinfo ENOTFOUND
528 info retry will retry, error on last attempt: Error: getaddrinfo ENOTFOUND
529 info retry will retry, error on last attempt: Error: getaddrinfo ENOTFOUND
530 info trying registry request attempt 3 at 17:12:11
531 verbose etag "EHSQFVGM2X4D5463QN75AYSNX"
532 http GET https://registry.npmjs.org/grunt-build-control
533 info trying registry request attempt 3 at 17:12:11
534 verbose etag "4UFGDUWHFK7OB8NRAT96S4H33"
535 http GET https://registry.npmjs.org/grunt
536 silly registry.get cb [ 304, undefined ]
537 verbose etag https://registry.npmjs.org/grunt from cache
538 silly registry.get cb [ 304, undefined ]
539 verbose etag https://registry.npmjs.org/grunt-build-control from cache
540 silly addNameRange number 2 { name: 'grunt', range: '>=0.4.5-0 <0.5.0-0', hasData: true }
541 silly addNameRange versions [ 'grunt',
541 silly addNameRange   [ '0.1.0',
541 silly addNameRange     '0.1.1',
541 silly addNameRange     '0.1.2',
541 silly addNameRange     '0.2.0',
541 silly addNameRange     '0.2.1',
541 silly addNameRange     '0.2.2',
541 silly addNameRange     '0.2.3',
541 silly addNameRange     '0.2.4',
541 silly addNameRange     '0.2.5',
541 silly addNameRange     '0.2.6',
541 silly addNameRange     '0.2.7',
541 silly addNameRange     '0.2.8',
541 silly addNameRange     '0.2.9',
541 silly addNameRange     '0.2.10',
541 silly addNameRange     '0.2.11',
541 silly addNameRange     '0.2.12',
541 silly addNameRange     '0.2.13',
541 silly addNameRange     '0.2.14',
541 silly addNameRange     '0.2.15',
541 silly addNameRange     '0.3.0',
541 silly addNameRange     '0.3.1',
541 silly addNameRange     '0.3.2',
541 silly addNameRange     '0.3.3',
541 silly addNameRange     '0.3.4',
541 silly addNameRange     '0.3.5',
541 silly addNameRange     '0.3.6',
541 silly addNameRange     '0.3.7',
541 silly addNameRange     '0.3.8',
541 silly addNameRange     '0.3.9',
541 silly addNameRange     '0.3.10',
541 silly addNameRange     '0.3.11',
541 silly addNameRange     '0.3.12',
541 silly addNameRange     '0.3.13',
541 silly addNameRange     '0.3.14',
541 silly addNameRange     '0.3.15',
541 silly addNameRange     '0.3.16',
541 silly addNameRange     '0.3.17',
541 silly addNameRange     '0.4.0',
541 silly addNameRange     '0.4.1',
541 silly addNameRange     '0.4.2',
541 silly addNameRange     '0.4.3',
541 silly addNameRange     '0.4.4',
541 silly addNameRange     '0.4.5',
541 silly addNameRange     '0.3.13-a',
541 silly addNameRange     '0.4.0-a',
541 silly addNameRange     '0.4.0-rc1',
541 silly addNameRange     '0.4.0-rc2',
541 silly addNameRange     '0.4.0-rc3',
541 silly addNameRange     '0.4.0-rc4',
541 silly addNameRange     '0.4.0-rc5',
541 silly addNameRange     '0.4.0-rc6',
541 silly addNameRange     '0.4.0-rc7',
541 silly addNameRange     '0.4.0-rc8' ] ]
542 verbose addNamed [ 'grunt', '0.4.5' ]
543 verbose addNamed [ '0.4.5', '0.4.5' ]
544 silly lockFile 81abf7ad-grunt-0-4-5 grunt@0.4.5
545 verbose lock grunt@0.4.5 /Users/arpowers/.npm/81abf7ad-grunt-0-4-5.lock
546 silly addNameRange number 2 { name: 'grunt-build-control',
546 silly addNameRange   range: '>=0.4.0-0 <0.5.0-0',
546 silly addNameRange   hasData: true }
547 silly addNameRange versions [ 'grunt-build-control',
547 silly addNameRange   [ '0.0.1',
547 silly addNameRange     '0.1.0',
547 silly addNameRange     '0.1.1',
547 silly addNameRange     '0.1.2',
547 silly addNameRange     '0.1.3',
547 silly addNameRange     '0.1.4',
547 silly addNameRange     '0.1.5',
547 silly addNameRange     '0.1.6',
547 silly addNameRange     '0.1.7',
547 silly addNameRange     '0.1.8',
547 silly addNameRange     '0.2.0',
547 silly addNameRange     '0.2.1',
547 silly addNameRange     '0.2.2',
547 silly addNameRange     '0.3.0',
547 silly addNameRange     '0.4.0' ] ]
548 verbose addNamed [ 'grunt-build-control', '0.4.0' ]
549 verbose addNamed [ '0.4.0', '0.4.0' ]
550 silly lockFile ef896e55-grunt-build-control-0-4-0 grunt-build-control@0.4.0
551 verbose lock grunt-build-control@0.4.0 /Users/arpowers/.npm/ef896e55-grunt-build-control-0-4-0.lock
552 silly lockFile ef896e55-grunt-build-control-0-4-0 grunt-build-control@0.4.0
553 silly lockFile ef896e55-grunt-build-control-0-4-0 grunt-build-control@0.4.0
554 silly lockFile 81abf7ad-grunt-0-4-5 grunt@0.4.5
555 silly lockFile 81abf7ad-grunt-0-4-5 grunt@0.4.5
556 silly lockFile 067ec8b8-grunt-build-control-0-4-0 grunt-build-control@^0.4.0
557 silly lockFile 067ec8b8-grunt-build-control-0-4-0 grunt-build-control@^0.4.0
558 silly lockFile 240974bb-grunt-0-4-5 grunt@~0.4.5
559 silly lockFile 240974bb-grunt-0-4-5 grunt@~0.4.5
560 info trying registry request attempt 3 at 17:12:11
561 verbose etag "7MVHPA07INLD06TVNGQ2F14YV"
562 http GET https://registry.npmjs.org/grunt-concurrent
563 silly registry.get cb [ 304, undefined ]
564 verbose etag https://registry.npmjs.org/grunt-concurrent from cache
565 info trying registry request attempt 3 at 17:12:11
566 verbose etag "6DQ0XKKML2UN9EM79EQLQMD68"
567 http GET https://registry.npmjs.org/grunt-contrib-clean
568 info trying registry request attempt 3 at 17:12:11
569 verbose etag "2SNYFOEQ5IT4K93W08LPNZGJI"
570 http GET https://registry.npmjs.org/grunt-contrib-compress
571 info trying registry request attempt 3 at 17:12:11
572 http GET https://registry.npmjs.org/grunt-git
573 info trying registry request attempt 3 at 17:12:11
574 verbose etag "6FD1N5DDHH4JSBA93YV4VLZAJ"
575 http GET https://registry.npmjs.org/grunt-contrib-concat
576 silly registry.get cb [ 304, undefined ]
577 verbose etag https://registry.npmjs.org/grunt-contrib-clean from cache
578 silly registry.get cb [ 304, undefined ]
579 verbose etag https://registry.npmjs.org/grunt-contrib-compress from cache
580 silly lockFile a12ccbc3-grunt-git-0-3-4 grunt-git@^0.3.4
581 silly lockFile a12ccbc3-grunt-git-0-3-4 grunt-git@^0.3.4
582 silly registry.get cb [ 304, undefined ]
583 verbose etag https://registry.npmjs.org/grunt-contrib-concat from cache
584 silly addNameRange number 2 { name: 'grunt-concurrent',
584 silly addNameRange   range: '>=1.0.0-0 <1.1.0-0',
584 silly addNameRange   hasData: true }
585 silly addNameRange versions [ 'grunt-concurrent',
585 silly addNameRange   [ '0.1.0',
585 silly addNameRange     '0.1.1',
585 silly addNameRange     '0.2.0',
585 silly addNameRange     '0.3.0',
585 silly addNameRange     '0.3.1',
585 silly addNameRange     '0.4.0',
585 silly addNameRange     '0.4.1',
585 silly addNameRange     '0.4.2',
585 silly addNameRange     '0.4.3',
585 silly addNameRange     '0.5.0',
585 silly addNameRange     '1.0.0' ] ]
586 verbose addNamed [ 'grunt-concurrent', '1.0.0' ]
587 verbose addNamed [ '1.0.0', '1.0.0' ]
588 silly lockFile 1e3f43e3-grunt-concurrent-1-0-0 grunt-concurrent@1.0.0
589 verbose lock grunt-concurrent@1.0.0 /Users/arpowers/.npm/1e3f43e3-grunt-concurrent-1-0-0.lock
590 silly addNameRange number 2 { name: 'grunt-contrib-clean',
590 silly addNameRange   range: '>=0.6.0-0 <0.7.0-0',
590 silly addNameRange   hasData: true }
591 silly addNameRange versions [ 'grunt-contrib-clean',
591 silly addNameRange   [ '0.1.0',
591 silly addNameRange     '0.2.0',
591 silly addNameRange     '0.3.0',
591 silly addNameRange     '0.3.1',
591 silly addNameRange     '0.3.2',
591 silly addNameRange     '0.4.0',
591 silly addNameRange     '0.4.1',
591 silly addNameRange     '0.5.0',
591 silly addNameRange     '0.6.0',
591 silly addNameRange     '0.4.0-a',
591 silly addNameRange     '0.4.0-rc5',
591 silly addNameRange     '0.4.0-rc6' ] ]
592 verbose addNamed [ 'grunt-contrib-clean', '0.6.0' ]
593 verbose addNamed [ '0.6.0', '0.6.0' ]
594 silly lockFile 0a668ef6-grunt-contrib-clean-0-6-0 grunt-contrib-clean@0.6.0
595 verbose lock grunt-contrib-clean@0.6.0 /Users/arpowers/.npm/0a668ef6-grunt-contrib-clean-0-6-0.lock
596 info trying registry request attempt 3 at 17:12:11
597 http GET https://registry.npmjs.org/grunt-github-releaser
598 info trying registry request attempt 3 at 17:12:11
599 http GET https://registry.npmjs.org/grunt-http
600 info trying registry request attempt 3 at 17:12:11
601 verbose etag "EYGOHSXUEB60W2YQL95D2S1I0"
602 http GET https://registry.npmjs.org/grunt-contrib-copy
603 info trying registry request attempt 3 at 17:12:11
604 verbose etag "2R9QRGV3OM9MGH9K0V43KVNS6"
605 http GET https://registry.npmjs.org/grunt-contrib-cssmin
606 silly addNameRange number 2 { name: 'grunt-contrib-compress',
606 silly addNameRange   range: '>=0.12.0-0 <0.13.0-0',
606 silly addNameRange   hasData: true }
607 silly addNameRange versions [ 'grunt-contrib-compress',
607 silly addNameRange   [ '0.2.0',
607 silly addNameRange     '0.2.1',
607 silly addNameRange     '0.2.2',
607 silly addNameRange     '0.3.0',
607 silly addNameRange     '0.3.1',
607 silly addNameRange     '0.3.2',
607 silly addNameRange     '0.3.3',
607 silly addNameRange     '0.4.0',
607 silly addNameRange     '0.4.1',
607 silly addNameRange     '0.4.2',
607 silly addNameRange     '0.4.3',
607 silly addNameRange     '0.4.4',
607 silly addNameRange     '0.4.5',
607 silly addNameRange     '0.4.6',
607 silly addNameRange     '0.4.7',
607 silly addNameRange     '0.4.8',
607 silly addNameRange     '0.4.9',
607 silly addNameRange     '0.4.10',
607 silly addNameRange     '0.5.0',
607 silly addNameRange     '0.5.1',
607 silly addNameRange     '0.5.2',
607 silly addNameRange     '0.5.3',
607 silly addNameRange     '0.6.0',
607 silly addNameRange     '0.4.0-rc7',
607 silly addNameRange     '0.6.1',
607 silly addNameRange     '0.7.0',
607 silly addNameRange     '0.8.0',
607 silly addNameRange     '0.9.0',
607 silly addNameRange     '0.9.1',
607 silly addNameRange     '0.10.0',
607 silly addNameRange     '0.11.0',
607 silly addNameRange     '0.12.0' ] ]
608 verbose addNamed [ 'grunt-contrib-compress', '0.12.0' ]
609 verbose addNamed [ '0.12.0', '0.12.0' ]
610 silly lockFile fd42fd01-grunt-contrib-compress-0-12-0 grunt-contrib-compress@0.12.0
611 verbose lock grunt-contrib-compress@0.12.0 /Users/arpowers/.npm/fd42fd01-grunt-contrib-compress-0-12-0.lock
612 silly registry.get cb [ 304, undefined ]
613 verbose etag https://registry.npmjs.org/grunt-contrib-copy from cache
614 silly lockFile 4aa96735-grunt-github-releaser-0-1-17 grunt-github-releaser@^0.1.17
615 silly lockFile 4aa96735-grunt-github-releaser-0-1-17 grunt-github-releaser@^0.1.17
616 silly lockFile 286dc0ad-grunt-http-1-6-0 grunt-http@^1.6.0
617 silly lockFile 286dc0ad-grunt-http-1-6-0 grunt-http@^1.6.0
618 info trying registry request attempt 3 at 17:12:11
619 verbose etag "CL8GFJ2W2WB5Z07PZE70JTKYL"
620 http GET https://registry.npmjs.org/grunt-contrib-jshint
621 info trying registry request attempt 3 at 17:12:11
622 http GET https://registry.npmjs.org/grunt-shell
623 silly registry.get cb [ 304, undefined ]
624 verbose etag https://registry.npmjs.org/grunt-contrib-cssmin from cache
625 silly addNameRange number 2 { name: 'grunt-contrib-concat',
625 silly addNameRange   range: '>=0.5.0-0 <0.6.0-0',
625 silly addNameRange   hasData: true }
626 silly addNameRange versions [ 'grunt-contrib-concat',
626 silly addNameRange   [ '0.1.0',
626 silly addNameRange     '0.1.1',
626 silly addNameRange     '0.1.2',
626 silly addNameRange     '0.1.3',
626 silly addNameRange     '0.2.0',
626 silly addNameRange     '0.3.0',
626 silly addNameRange     '0.4.0',
626 silly addNameRange     '0.5.0',
626 silly addNameRange     '0.1.2-rc5',
626 silly addNameRange     '0.1.2-rc6' ] ]
627 verbose addNamed [ 'grunt-contrib-concat', '0.5.0' ]
628 verbose addNamed [ '0.5.0', '0.5.0' ]
629 silly lockFile 02f03e4c-grunt-contrib-concat-0-5-0 grunt-contrib-concat@0.5.0
630 verbose lock grunt-contrib-concat@0.5.0 /Users/arpowers/.npm/02f03e4c-grunt-contrib-concat-0-5-0.lock
631 silly registry.get cb [ 304, undefined ]
632 verbose etag https://registry.npmjs.org/grunt-contrib-jshint from cache
633 silly lockFile 42fbab46-grunt-shell-1-1-2 grunt-shell@^1.1.2
634 silly lockFile 42fbab46-grunt-shell-1-1-2 grunt-shell@^1.1.2
635 info trying registry request attempt 3 at 17:12:11
636 verbose etag "33LE3XG7R1MI4CRADK2FZ3HTJ"
637 http GET https://registry.npmjs.org/grunt-contrib-uglify
638 info trying registry request attempt 3 at 17:12:11
639 verbose etag "2WVFAQO9BG4I7SGMSOCP0TAGD"
640 http GET https://registry.npmjs.org/grunt-contrib-less
641 silly registry.get cb [ 304, undefined ]
642 verbose etag https://registry.npmjs.org/grunt-contrib-uglify from cache
643 info trying registry request attempt 3 at 17:12:11
644 http GET https://registry.npmjs.org/grunt-sftp-deploy
645 info trying registry request attempt 3 at 17:12:11
646 verbose etag "CC9B4NSVCBFXDXYWKRPIYNZDB"
647 http GET https://registry.npmjs.org/grunt-contrib-watch
648 info trying registry request attempt 3 at 17:12:11
649 verbose etag "F4RHP8OO4Y31D3TCLOOWQAY8J"
650 http GET https://registry.npmjs.org/load-grunt-tasks
651 info trying registry request attempt 3 at 17:12:11
652 verbose etag "9ZAQ43XKGC7Q8NK3V2ZADJ4DH"
653 http GET https://registry.npmjs.org/grunt-newer
654 info trying registry request attempt 3 at 17:12:11
655 verbose etag "4O7PMJI7CXH82LMGW7L2QVME4"
656 http GET https://registry.npmjs.org/grunt-notify
657 info trying registry request attempt 3 at 17:12:11
658 verbose etag "AVESRDZBIFKFNR7ZJ1KQPB53M"
659 http GET https://registry.npmjs.org/grunt-sync
660 info trying registry request attempt 3 at 17:12:11
661 verbose etag "3RWGKAMJY3EFAN8WBI1FVN9RD"
662 http GET https://registry.npmjs.org/time-grunt
663 silly registry.get cb [ 304, undefined ]
664 verbose etag https://registry.npmjs.org/grunt-contrib-less from cache
665 silly lockFile 1e3f43e3-grunt-concurrent-1-0-0 grunt-concurrent@1.0.0
666 silly lockFile 1e3f43e3-grunt-concurrent-1-0-0 grunt-concurrent@1.0.0
667 silly lockFile 3aab9b64-grunt-sftp-deploy-0-2-4 grunt-sftp-deploy@~0.2.4
668 silly lockFile 3aab9b64-grunt-sftp-deploy-0-2-4 grunt-sftp-deploy@~0.2.4
669 silly registry.get cb [ 304, undefined ]
670 verbose etag https://registry.npmjs.org/grunt-contrib-watch from cache
671 silly registry.get cb [ 304, undefined ]
672 verbose etag https://registry.npmjs.org/load-grunt-tasks from cache
673 silly registry.get cb [ 304, undefined ]
674 verbose etag https://registry.npmjs.org/grunt-newer from cache
675 silly registry.get cb [ 304, undefined ]
676 verbose etag https://registry.npmjs.org/grunt-notify from cache
677 silly lockFile 3bbc7fba-grunt-concurrent-1-0-0 grunt-concurrent@~1.0.0
678 silly lockFile 3bbc7fba-grunt-concurrent-1-0-0 grunt-concurrent@~1.0.0
679 silly lockFile 0a668ef6-grunt-contrib-clean-0-6-0 grunt-contrib-clean@0.6.0
680 silly lockFile 0a668ef6-grunt-contrib-clean-0-6-0 grunt-contrib-clean@0.6.0
681 silly registry.get cb [ 304, undefined ]
682 verbose etag https://registry.npmjs.org/grunt-sync from cache
683 silly registry.get cb [ 304, undefined ]
684 verbose etag https://registry.npmjs.org/time-grunt from cache
685 silly lockFile 944867a7-grunt-contrib-clean-0-6-0 grunt-contrib-clean@~0.6.0
686 silly lockFile 944867a7-grunt-contrib-clean-0-6-0 grunt-contrib-clean@~0.6.0
687 silly addNameRange number 2 { name: 'grunt-contrib-copy',
687 silly addNameRange   range: '>=0.8.0-0 <0.9.0-0',
687 silly addNameRange   hasData: true }
688 silly addNameRange versions [ 'grunt-contrib-copy',
688 silly addNameRange   [ '0.2.0',
688 silly addNameRange     '0.2.1',
688 silly addNameRange     '0.2.2',
688 silly addNameRange     '0.2.3',
688 silly addNameRange     '0.2.4',
688 silly addNameRange     '0.3.0',
688 silly addNameRange     '0.3.1',
688 silly addNameRange     '0.3.2',
688 silly addNameRange     '0.4.0',
688 silly addNameRange     '0.4.1',
688 silly addNameRange     '0.5.0',
688 silly addNameRange     '0.6.0',
688 silly addNameRange     '0.7.0',
688 silly addNameRange     '0.8.0',
688 silly addNameRange     '0.4.0-rc7' ] ]
689 verbose addNamed [ 'grunt-contrib-copy', '0.8.0' ]
690 verbose addNamed [ '0.8.0', '0.8.0' ]
691 silly lockFile 4ba694f5-grunt-contrib-copy-0-8-0 grunt-contrib-copy@0.8.0
692 verbose lock grunt-contrib-copy@0.8.0 /Users/arpowers/.npm/4ba694f5-grunt-contrib-copy-0-8-0.lock
693 silly lockFile fd42fd01-grunt-contrib-compress-0-12-0 grunt-contrib-compress@0.12.0
694 silly lockFile fd42fd01-grunt-contrib-compress-0-12-0 grunt-contrib-compress@0.12.0
695 silly addNameRange number 2 { name: 'grunt-contrib-cssmin',
695 silly addNameRange   range: '>=0.12.2-0 <0.13.0-0',
695 silly addNameRange   hasData: true }
696 silly addNameRange versions [ 'grunt-contrib-cssmin',
696 silly addNameRange   [ '0.4.0',
696 silly addNameRange     '0.4.1',
696 silly addNameRange     '0.4.2',
696 silly addNameRange     '0.5.0',
696 silly addNameRange     '0.6.0',
696 silly addNameRange     '0.6.1',
696 silly addNameRange     '0.6.2',
696 silly addNameRange     '0.7.0',
696 silly addNameRange     '0.8.0',
696 silly addNameRange     '0.9.0',
696 silly addNameRange     '0.10.0',
696 silly addNameRange     '0.11.0',
696 silly addNameRange     '0.12.0',
696 silly addNameRange     '0.12.1',
696 silly addNameRange     '0.12.2' ] ]
697 verbose addNamed [ 'grunt-contrib-cssmin', '0.12.2' ]
698 verbose addNamed [ '0.12.2', '0.12.2' ]
699 silly lockFile 703e7501-grunt-contrib-cssmin-0-12-2 grunt-contrib-cssmin@0.12.2
700 verbose lock grunt-contrib-cssmin@0.12.2 /Users/arpowers/.npm/703e7501-grunt-contrib-cssmin-0-12-2.lock
701 silly addNameRange number 2 { name: 'grunt-contrib-jshint',
701 silly addNameRange   range: '>=0.10.0-0 <0.11.0-0',
701 silly addNameRange   hasData: true }
702 silly addNameRange versions [ 'grunt-contrib-jshint',
702 silly addNameRange   [ '0.1.0',
702 silly addNameRange     '0.1.1',
702 silly addNameRange     '0.2.0',
702 silly addNameRange     '0.3.0',
702 silly addNameRange     '0.4.0',
702 silly addNameRange     '0.4.1',
702 silly addNameRange     '0.4.2',
702 silly addNameRange     '0.4.3',
702 silly addNameRange     '0.5.0',
702 silly addNameRange     '0.5.1',
702 silly addNameRange     '0.5.2',
702 silly addNameRange     '0.5.3',
702 silly addNameRange     '0.5.4',
702 silly addNameRange     '0.6.0',
702 silly addNameRange     '0.6.1',
702 silly addNameRange     '0.6.2',
702 silly addNameRange     '0.6.3',
702 silly addNameRange     '0.6.4',
702 silly addNameRange     '0.6.5',
702 silly addNameRange     '0.7.0',
702 silly addNameRange     '0.7.1',
702 silly addNameRange     '0.7.2',
702 silly addNameRange     '0.8.0',
702 silly addNameRange     '0.9.0',
702 silly addNameRange     '0.9.1',
702 silly addNameRange     '0.9.2',
702 silly addNameRange     '0.10.0',
702 silly addNameRange     '0.1.1-rc5',
702 silly addNameRange     '0.1.1-rc6' ] ]
703 verbose addNamed [ 'grunt-contrib-jshint', '0.10.0' ]
704 verbose addNamed [ '0.10.0', '0.10.0' ]
705 silly lockFile af8d4102-grunt-contrib-jshint-0-10-0 grunt-contrib-jshint@0.10.0
706 verbose lock grunt-contrib-jshint@0.10.0 /Users/arpowers/.npm/af8d4102-grunt-contrib-jshint-0-10-0.lock
707 silly lockFile 3ef7c873-grunt-contrib-compress-0-12-0 grunt-contrib-compress@~0.12.0
708 silly lockFile 3ef7c873-grunt-contrib-compress-0-12-0 grunt-contrib-compress@~0.12.0
709 silly lockFile 02f03e4c-grunt-contrib-concat-0-5-0 grunt-contrib-concat@0.5.0
710 silly lockFile 02f03e4c-grunt-contrib-concat-0-5-0 grunt-contrib-concat@0.5.0
711 silly lockFile ab641ed0-grunt-contrib-concat-0-5-0 grunt-contrib-concat@~0.5.0
712 silly lockFile ab641ed0-grunt-contrib-concat-0-5-0 grunt-contrib-concat@~0.5.0
713 silly addNameRange number 2 { name: 'grunt-contrib-uglify',
713 silly addNameRange   range: '>=0.5.0-0 <0.6.0-0',
713 silly addNameRange   hasData: true }
714 silly addNameRange versions [ 'grunt-contrib-uglify',
714 silly addNameRange   [ '0.1.0',
714 silly addNameRange     '0.1.1',
714 silly addNameRange     '0.1.2',
714 silly addNameRange     '0.2.0',
714 silly addNameRange     '0.2.1',
714 silly addNameRange     '0.2.2',
714 silly addNameRange     '0.2.3',
714 silly addNameRange     '0.2.4',
714 silly addNameRange     '0.2.5',
714 silly addNameRange     '0.2.6',
714 silly addNameRange     '0.2.7',
714 silly addNameRange     '0.3.0',
714 silly addNameRange     '0.3.1',
714 silly addNameRange     '0.1.1-rc5',
714 silly addNameRange     '0.1.1-rc6',
714 silly addNameRange     '0.3.2',
714 silly addNameRange     '0.3.3',
714 silly addNameRange     '0.4.0',
714 silly addNameRange     '0.5.0',
714 silly addNameRange     '0.4.1',
714 silly addNameRange     '0.5.1',
714 silly addNameRange     '0.6.0' ] ]
715 verbose addNamed [ 'grunt-contrib-uglify', '0.5.1' ]
716 verbose addNamed [ '0.5.1', '0.5.1' ]
717 silly lockFile a34481be-grunt-contrib-uglify-0-5-1 grunt-contrib-uglify@0.5.1
718 verbose lock grunt-contrib-uglify@0.5.1 /Users/arpowers/.npm/a34481be-grunt-contrib-uglify-0-5-1.lock
719 silly addNameRange number 2 { name: 'grunt-contrib-less',
719 silly addNameRange   range: '>=0.11.4-0 <0.12.0-0',
719 silly addNameRange   hasData: true }
720 silly addNameRange versions [ 'grunt-contrib-less',
720 silly addNameRange   [ '0.1.0',
720 silly addNameRange     '0.2.0',
720 silly addNameRange     '0.2.1',
720 silly addNameRange     '0.2.2',
720 silly addNameRange     '0.3.0',
720 silly addNameRange     '0.3.1',
720 silly addNameRange     '0.3.2',
720 silly addNameRange     '0.5.0',
720 silly addNameRange     '0.5.1',
720 silly addNameRange     '0.5.2',
720 silly addNameRange     '0.6.0',
720 silly addNameRange     '0.6.1',
720 silly addNameRange     '0.6.2',
720 silly addNameRange     '0.6.3',
720 silly addNameRange     '0.6.4',
720 silly addNameRange     '0.6.5',
720 silly addNameRange     '0.7.0',
720 silly addNameRange     '0.8.0',
720 silly addNameRange     '0.8.1',
720 silly addNameRange     '0.8.2',
720 silly addNameRange     '0.8.3',
720 silly addNameRange     '0.9.0',
720 silly addNameRange     '0.10.0',
720 silly addNameRange     '0.11.0',
720 silly addNameRange     '0.11.1',
720 silly addNameRange     '0.11.2',
720 silly addNameRange     '0.11.3',
720 silly addNameRange     '0.11.4',
720 silly addNameRange     '0.5.0-rc7' ] ]
721 verbose addNamed [ 'grunt-contrib-less', '0.11.4' ]
722 verbose addNamed [ '0.11.4', '0.11.4' ]
723 silly lockFile 52ff9f94-grunt-contrib-less-0-11-4 grunt-contrib-less@0.11.4
724 verbose lock grunt-contrib-less@0.11.4 /Users/arpowers/.npm/52ff9f94-grunt-contrib-less-0-11-4.lock
725 silly addNameRange number 2 { name: 'grunt-newer',
725 silly addNameRange   range: '>=0.8.0-0 <0.9.0-0',
725 silly addNameRange   hasData: true }
726 silly addNameRange versions [ 'grunt-newer',
726 silly addNameRange   [ '0.1.0',
726 silly addNameRange     '0.2.0',
726 silly addNameRange     '0.3.1',
726 silly addNameRange     '0.4.0',
726 silly addNameRange     '0.4.1',
726 silly addNameRange     '0.5.0',
726 silly addNameRange     '0.5.1',
726 silly addNameRange     '0.5.2',
726 silly addNameRange     '0.5.3',
726 silly addNameRange     '0.5.4',
726 silly addNameRange     '0.6.0',
726 silly addNameRange     '0.6.1',
726 silly addNameRange     '0.7.0',
726 silly addNameRange     '0.8.0' ] ]
727 verbose addNamed [ 'grunt-newer', '0.8.0' ]
728 verbose addNamed [ '0.8.0', '0.8.0' ]
729 silly lockFile 48b7180e-grunt-newer-0-8-0 grunt-newer@0.8.0
730 verbose lock grunt-newer@0.8.0 /Users/arpowers/.npm/48b7180e-grunt-newer-0-8-0.lock
731 silly addNameRange number 2 { name: 'load-grunt-tasks',
731 silly addNameRange   range: '>=3.1.0-0 <4.0.0-0',
731 silly addNameRange   hasData: true }
732 silly addNameRange versions [ 'load-grunt-tasks',
732 silly addNameRange   [ '0.1.0',
732 silly addNameRange     '0.1.1',
732 silly addNameRange     '0.1.2',
732 silly addNameRange     '0.1.3',
732 silly addNameRange     '0.2.0',
732 silly addNameRange     '0.2.1',
732 silly addNameRange     '0.3.0',
732 silly addNameRange     '0.4.0',
732 silly addNameRange     '0.5.0',
732 silly addNameRange     '0.6.0' ] ]
733 silly lockFile 244ddd56-load-grunt-tasks-3-1-0 load-grunt-tasks@^3.1.0
734 silly lockFile 244ddd56-load-grunt-tasks-3-1-0 load-grunt-tasks@^3.1.0
735 silly addNameRange number 2 { name: 'grunt-contrib-watch',
735 silly addNameRange   range: '>=0.6.1-0 <0.7.0-0',
735 silly addNameRange   hasData: true }
736 silly addNameRange versions [ 'grunt-contrib-watch',
736 silly addNameRange   [ '0.1.0',
736 silly addNameRange     '0.1.1',
736 silly addNameRange     '0.1.2',
736 silly addNameRange     '0.1.3',
736 silly addNameRange     '0.1.4',
736 silly addNameRange     '0.2.0',
736 silly addNameRange     '0.3.0',
736 silly addNameRange     '0.3.1',
736 silly addNameRange     '0.4.0',
736 silly addNameRange     '0.4.1',
736 silly addNameRange     '0.4.2',
736 silly addNameRange     '0.4.3',
736 silly addNameRange     '0.4.4',
736 silly addNameRange     '0.5.0',
736 silly addNameRange     '0.5.1',
736 silly addNameRange     '0.5.2',
736 silly addNameRange     '0.5.3',
736 silly addNameRange     '0.6.0',
736 silly addNameRange     '0.6.1',
736 silly addNameRange     '0.2.0-a',
736 silly addNameRange     '0.2.0-rc5',
736 silly addNameRange     '0.2.0-rc7' ] ]
737 verbose addNamed [ 'grunt-contrib-watch', '0.6.1' ]
738 verbose addNamed [ '0.6.1', '0.6.1' ]
739 silly lockFile 08049756-grunt-contrib-watch-0-6-1 grunt-contrib-watch@0.6.1
740 verbose lock grunt-contrib-watch@0.6.1 /Users/arpowers/.npm/08049756-grunt-contrib-watch-0-6-1.lock
741 silly addNameRange number 2 { name: 'grunt-notify',
741 silly addNameRange   range: '>=0.3.1-0 <0.4.0-0',
741 silly addNameRange   hasData: true }
742 silly addNameRange versions [ 'grunt-notify',
742 silly addNameRange   [ '0.1.0',
742 silly addNameRange     '0.1.1',
742 silly addNameRange     '0.1.2',
742 silly addNameRange     '0.1.3',
742 silly addNameRange     '0.1.4',
742 silly addNameRange     '0.2.0',
742 silly addNameRange     '0.2.1',
742 silly addNameRange     '0.2.2',
742 silly addNameRange     '0.2.3',
742 silly addNameRange     '0.2.4',
742 silly addNameRange     '0.2.5',
742 silly addNameRange     '0.2.6',
742 silly addNameRange     '0.2.7',
742 silly addNameRange     '0.2.8',
742 silly addNameRange     '0.2.9',
742 silly addNameRange     '0.2.10',
742 silly addNameRange     '0.2.11',
742 silly addNameRange     '0.2.12',
742 silly addNameRange     '0.2.13',
742 silly addNameRange     '0.2.14',
742 silly addNameRange     '0.2.15',
742 silly addNameRange     '0.2.16',
742 silly addNameRange     '0.2.17',
742 silly addNameRange     '0.2.18',
742 silly addNameRange     '0.2.20',
742 silly addNameRange     '0.3.0',
742 silly addNameRange     '0.3.1' ] ]
743 verbose addNamed [ 'grunt-notify', '0.3.1' ]
744 verbose addNamed [ '0.3.1', '0.3.1' ]
745 silly lockFile c69f0745-grunt-notify-0-3-1 grunt-notify@0.3.1
746 verbose lock grunt-notify@0.3.1 /Users/arpowers/.npm/c69f0745-grunt-notify-0-3-1.lock
747 silly addNameRange number 2 { name: 'grunt-sync',
747 silly addNameRange   range: '>=0.2.0-0 <0.3.0-0',
747 silly addNameRange   hasData: true }
748 silly addNameRange versions [ 'grunt-sync',
748 silly addNameRange   [ '0.0.2',
748 silly addNameRange     '0.0.3',
748 silly addNameRange     '0.0.4',
748 silly addNameRange     '0.0.5',
748 silly addNameRange     '0.0.6',
748 silly addNameRange     '0.0.7',
748 silly addNameRange     '0.0.8',
748 silly addNameRange     '0.1.0',
748 silly addNameRange     '0.1.1',
748 silly addNameRange     '0.2.0' ] ]
749 verbose addNamed [ 'grunt-sync', '0.2.0' ]
750 verbose addNamed [ '0.2.0', '0.2.0' ]
751 silly lockFile c549abae-grunt-sync-0-2-0 grunt-sync@0.2.0
752 verbose lock grunt-sync@0.2.0 /Users/arpowers/.npm/c549abae-grunt-sync-0-2-0.lock
753 silly addNameRange number 2 { name: 'time-grunt',
753 silly addNameRange   range: '>=1.0.0-0 <1.1.0-0',
753 silly addNameRange   hasData: true }
754 silly addNameRange versions [ 'time-grunt',
754 silly addNameRange   [ '0.1.0',
754 silly addNameRange     '0.1.1',
754 silly addNameRange     '0.1.2',
754 silly addNameRange     '0.2.0',
754 silly addNameRange     '0.2.1',
754 silly addNameRange     '0.2.2',
754 silly addNameRange     '0.2.3',
754 silly addNameRange     '0.2.4',
754 silly addNameRange     '0.2.5',
754 silly addNameRange     '0.2.6',
754 silly addNameRange     '0.2.7',
754 silly addNameRange     '0.2.8',
754 silly addNameRange     '0.2.9',
754 silly addNameRange     '0.2.10',
754 silly addNameRange     '0.3.1',
754 silly addNameRange     '0.3.2',
754 silly addNameRange     '0.4.0',
754 silly addNameRange     '1.0.0' ] ]
755 verbose addNamed [ 'time-grunt', '1.0.0' ]
756 verbose addNamed [ '1.0.0', '1.0.0' ]
757 silly lockFile 32bdf99d-time-grunt-1-0-0 time-grunt@1.0.0
758 verbose lock time-grunt@1.0.0 /Users/arpowers/.npm/32bdf99d-time-grunt-1-0-0.lock
759 silly lockFile 4ba694f5-grunt-contrib-copy-0-8-0 grunt-contrib-copy@0.8.0
760 silly lockFile 4ba694f5-grunt-contrib-copy-0-8-0 grunt-contrib-copy@0.8.0
761 silly lockFile 703e7501-grunt-contrib-cssmin-0-12-2 grunt-contrib-cssmin@0.12.2
762 silly lockFile 703e7501-grunt-contrib-cssmin-0-12-2 grunt-contrib-cssmin@0.12.2
763 silly lockFile a4361beb-grunt-contrib-copy-0-8-0 grunt-contrib-copy@^0.8.0
764 silly lockFile a4361beb-grunt-contrib-copy-0-8-0 grunt-contrib-copy@^0.8.0
765 silly lockFile f5b6707d-grunt-contrib-cssmin-0-12-2 grunt-contrib-cssmin@^0.12.2
766 silly lockFile f5b6707d-grunt-contrib-cssmin-0-12-2 grunt-contrib-cssmin@^0.12.2
767 silly lockFile af8d4102-grunt-contrib-jshint-0-10-0 grunt-contrib-jshint@0.10.0
768 silly lockFile af8d4102-grunt-contrib-jshint-0-10-0 grunt-contrib-jshint@0.10.0
769 silly lockFile 956acfd4-grunt-contrib-jshint-0-10-0 grunt-contrib-jshint@~0.10.0
770 silly lockFile 956acfd4-grunt-contrib-jshint-0-10-0 grunt-contrib-jshint@~0.10.0
771 silly lockFile a34481be-grunt-contrib-uglify-0-5-1 grunt-contrib-uglify@0.5.1
772 silly lockFile a34481be-grunt-contrib-uglify-0-5-1 grunt-contrib-uglify@0.5.1
773 silly lockFile 2d901165-grunt-contrib-uglify-0-5-0 grunt-contrib-uglify@~0.5.0
774 silly lockFile 2d901165-grunt-contrib-uglify-0-5-0 grunt-contrib-uglify@~0.5.0
775 silly lockFile 52ff9f94-grunt-contrib-less-0-11-4 grunt-contrib-less@0.11.4
776 silly lockFile 52ff9f94-grunt-contrib-less-0-11-4 grunt-contrib-less@0.11.4
777 silly lockFile 08049756-grunt-contrib-watch-0-6-1 grunt-contrib-watch@0.6.1
778 silly lockFile 08049756-grunt-contrib-watch-0-6-1 grunt-contrib-watch@0.6.1
779 silly lockFile 48b7180e-grunt-newer-0-8-0 grunt-newer@0.8.0
780 silly lockFile 48b7180e-grunt-newer-0-8-0 grunt-newer@0.8.0
781 silly lockFile d6b045ca-grunt-contrib-less-0-11-4 grunt-contrib-less@~0.11.4
782 silly lockFile d6b045ca-grunt-contrib-less-0-11-4 grunt-contrib-less@~0.11.4
783 silly lockFile 82ce6ec8-grunt-contrib-watch-0-6-1 grunt-contrib-watch@~0.6.1
784 silly lockFile 82ce6ec8-grunt-contrib-watch-0-6-1 grunt-contrib-watch@~0.6.1
785 silly lockFile c69f0745-grunt-notify-0-3-1 grunt-notify@0.3.1
786 silly lockFile c69f0745-grunt-notify-0-3-1 grunt-notify@0.3.1
787 silly lockFile bfd6a2d4-grunt-newer-0-8-0 grunt-newer@^0.8.0
788 silly lockFile bfd6a2d4-grunt-newer-0-8-0 grunt-newer@^0.8.0
789 silly lockFile c549abae-grunt-sync-0-2-0 grunt-sync@0.2.0
790 silly lockFile c549abae-grunt-sync-0-2-0 grunt-sync@0.2.0
791 silly lockFile f2610162-grunt-notify-0-3-1 grunt-notify@~0.3.1
792 silly lockFile f2610162-grunt-notify-0-3-1 grunt-notify@~0.3.1
793 silly lockFile 86cde865-grunt-sync-0-2-0 grunt-sync@~0.2.0
794 silly lockFile 86cde865-grunt-sync-0-2-0 grunt-sync@~0.2.0
795 silly lockFile 32bdf99d-time-grunt-1-0-0 time-grunt@1.0.0
796 silly lockFile 32bdf99d-time-grunt-1-0-0 time-grunt@1.0.0
797 silly lockFile 8c04ea80-time-grunt-1-0-0 time-grunt@~1.0.0
798 silly lockFile 8c04ea80-time-grunt-1-0-0 time-grunt@~1.0.0
799 error network getaddrinfo ENOTFOUND
799 error network This is most likely not a problem with npm itself
799 error network and is related to network connectivity.
799 error network In most cases you are behind a proxy or have bad network settings.
799 error network
799 error network If you are behind a proxy, please make sure that the
799 error network 'proxy' config is set properly.  See: 'npm help config'
800 error System Darwin 14.3.0
801 error command "node" "/usr/local/bin/npm" "install"
802 error cwd /Users/arpowers/Code/pagelines-framework-child
803 error node -v v0.10.32
804 error npm -v 1.4.28
805 error syscall getaddrinfo
806 error code ENOTFOUND
807 error errno ENOTFOUND
808 verbose exit [ 1, true ]
